{"/Users/pavanrathod/pdf-generation-serverless/src/handlers/generatePDF.js": {"path":"/Users/pavanrathod/pdf-generation-serverless/src/handlers/generatePDF.js","statementMap":{"0":{"start":{"line":1,"column":18},"end":{"line":1,"column":43}},"1":{"start":{"line":2,"column":17},"end":{"line":2,"column":45}},"2":{"start":{"line":3,"column":23},"end":{"line":3,"column":57}},"3":{"start":{"line":4,"column":15},"end":{"line":4,"column":41}},"4":{"start":{"line":5,"column":15},"end":{"line":5,"column":41}},"5":{"start":{"line":10,"column":4},"end":{"line":10,"column":49}},"6":{"start":{"line":11,"column":32},"end":{"line":11,"column":66}},"7":{"start":{"line":12,"column":42},"end":{"line":12,"column":71}},"8":{"start":{"line":15,"column":24},"end":{"line":15,"column":33}},"9":{"start":{"line":16,"column":0},"end":{"line":22,"column":1}},"10":{"start":{"line":17,"column":2},"end":{"line":21,"column":3}},"11":{"start":{"line":18,"column":4},"end":{"line":18,"column":45}},"12":{"start":{"line":20,"column":4},"end":{"line":20,"column":74}},"13":{"start":{"line":24,"column":0},"end":{"line":239,"column":2}},"14":{"start":{"line":25,"column":20},"end":{"line":25,"column":55}},"15":{"start":{"line":26,"column":2},"end":{"line":26,"column":79}},"16":{"start":{"line":28,"column":2},"end":{"line":238,"column":3}},"17":{"start":{"line":29,"column":18},"end":{"line":29,"column":86}},"18":{"start":{"line":30,"column":21},"end":{"line":30,"column":72}},"19":{"start":{"line":33,"column":4},"end":{"line":33,"column":64}},"20":{"start":{"line":35,"column":39},"end":{"line":35,"column":92}},"21":{"start":{"line":37,"column":24},"end":{"line":43,"column":5}},"22":{"start":{"line":45,"column":4},"end":{"line":45,"column":75}},"23":{"start":{"line":49,"column":4},"end":{"line":49,"column":100}},"24":{"start":{"line":50,"column":4},"end":{"line":115,"column":5}},"25":{"start":{"line":52,"column":6},"end":{"line":66,"column":8}},"26":{"start":{"line":69,"column":28},"end":{"line":77,"column":7}},"27":{"start":{"line":79,"column":24},"end":{"line":79,"column":29}},"28":{"start":{"line":80,"column":6},"end":{"line":92,"column":7}},"29":{"start":{"line":81,"column":8},"end":{"line":91,"column":9}},"30":{"start":{"line":82,"column":21},"end":{"line":82,"column":34}},"31":{"start":{"line":83,"column":10},"end":{"line":88,"column":11}},"32":{"start":{"line":84,"column":12},"end":{"line":84,"column":48}},"33":{"start":{"line":85,"column":12},"end":{"line":85,"column":31}},"34":{"start":{"line":86,"column":12},"end":{"line":86,"column":60}},"35":{"start":{"line":87,"column":12},"end":{"line":87,"column":18}},"36":{"start":{"line":94,"column":6},"end":{"line":105,"column":7}},"37":{"start":{"line":95,"column":8},"end":{"line":95,"column":82}},"38":{"start":{"line":97,"column":8},"end":{"line":104,"column":9}},"39":{"start":{"line":98,"column":10},"end":{"line":103,"column":11}},"40":{"start":{"line":99,"column":12},"end":{"line":99,"column":53}},"41":{"start":{"line":100,"column":12},"end":{"line":100,"column":69}},"42":{"start":{"line":102,"column":12},"end":{"line":102,"column":82}},"43":{"start":{"line":108,"column":6},"end":{"line":114,"column":8}},"44":{"start":{"line":117,"column":4},"end":{"line":117,"column":111}},"45":{"start":{"line":118,"column":4},"end":{"line":118,"column":75}},"46":{"start":{"line":121,"column":4},"end":{"line":154,"column":5}},"47":{"start":{"line":122,"column":6},"end":{"line":122,"column":62}},"48":{"start":{"line":124,"column":6},"end":{"line":124,"column":67}},"49":{"start":{"line":127,"column":6},"end":{"line":153,"column":7}},"50":{"start":{"line":128,"column":8},"end":{"line":150,"column":9}},"51":{"start":{"line":129,"column":10},"end":{"line":129,"column":68}},"52":{"start":{"line":130,"column":10},"end":{"line":130,"column":51}},"53":{"start":{"line":131,"column":10},"end":{"line":145,"column":13}},"54":{"start":{"line":146,"column":10},"end":{"line":146,"column":78}},"55":{"start":{"line":148,"column":10},"end":{"line":148,"column":93}},"56":{"start":{"line":149,"column":10},"end":{"line":149,"column":126}},"57":{"start":{"line":152,"column":8},"end":{"line":152,"column":26}},"58":{"start":{"line":156,"column":17},"end":{"line":156,"column":40}},"59":{"start":{"line":157,"column":24},"end":{"line":157,"column":26}},"60":{"start":{"line":160,"column":4},"end":{"line":160,"column":65}},"61":{"start":{"line":161,"column":4},"end":{"line":173,"column":5}},"62":{"start":{"line":162,"column":6},"end":{"line":162,"column":76}},"63":{"start":{"line":164,"column":6},"end":{"line":164,"column":58}},"64":{"start":{"line":165,"column":6},"end":{"line":172,"column":7}},"65":{"start":{"line":166,"column":33},"end":{"line":166,"column":63}},"66":{"start":{"line":167,"column":8},"end":{"line":167,"column":80}},"67":{"start":{"line":168,"column":8},"end":{"line":168,"column":38}},"68":{"start":{"line":169,"column":8},"end":{"line":169,"column":78}},"69":{"start":{"line":171,"column":8},"end":{"line":171,"column":18}},"70":{"start":{"line":175,"column":4},"end":{"line":175,"column":26}},"71":{"start":{"line":177,"column":4},"end":{"line":179,"column":5}},"72":{"start":{"line":178,"column":6},"end":{"line":178,"column":67}},"73":{"start":{"line":181,"column":4},"end":{"line":181,"column":75}},"74":{"start":{"line":183,"column":15},"end":{"line":183,"column":17}},"75":{"start":{"line":185,"column":4},"end":{"line":195,"column":5}},"76":{"start":{"line":186,"column":6},"end":{"line":192,"column":7}},"77":{"start":{"line":187,"column":8},"end":{"line":187,"column":134}},"78":{"start":{"line":188,"column":8},"end":{"line":188,"column":134}},"79":{"start":{"line":189,"column":8},"end":{"line":189,"column":81}},"80":{"start":{"line":191,"column":8},"end":{"line":191,"column":91}},"81":{"start":{"line":194,"column":6},"end":{"line":194,"column":70}},"82":{"start":{"line":197,"column":21},"end":{"line":202,"column":5}},"83":{"start":{"line":204,"column":4},"end":{"line":204,"column":67}},"84":{"start":{"line":206,"column":4},"end":{"line":215,"column":6}},"85":{"start":{"line":218,"column":4},"end":{"line":218,"column":58}},"86":{"start":{"line":220,"column":26},"end":{"line":224,"column":5}},"87":{"start":{"line":226,"column":4},"end":{"line":226,"column":72}},"88":{"start":{"line":228,"column":4},"end":{"line":237,"column":6}}},"fnMap":{"0":{"name":"(anonymous_0)","decl":{"start":{"line":24,"column":25},"end":{"line":24,"column":26}},"loc":{"start":{"line":24,"column":42},"end":{"line":239,"column":1}},"line":24}},"branchMap":{"0":{"loc":{"start":{"line":16,"column":0},"end":{"line":22,"column":1}},"type":"if","locations":[{"start":{"line":16,"column":0},"end":{"line":22,"column":1}},{"start":{},"end":{}}],"line":16},"1":{"loc":{"start":{"line":16,"column":4},"end":{"line":16,"column":67}},"type":"binary-expr","locations":[{"start":{"line":16,"column":4},"end":{"line":16,"column":36}},{"start":{"line":16,"column":40},"end":{"line":16,"column":67}}],"line":16},"2":{"loc":{"start":{"line":25,"column":20},"end":{"line":25,"column":55}},"type":"binary-expr","locations":[{"start":{"line":25,"column":20},"end":{"line":25,"column":49}},{"start":{"line":25,"column":53},"end":{"line":25,"column":55}}],"line":25},"3":{"loc":{"start":{"line":29,"column":18},"end":{"line":29,"column":86}},"type":"cond-expr","locations":[{"start":{"line":29,"column":51},"end":{"line":29,"column":73}},{"start":{"line":29,"column":76},"end":{"line":29,"column":86}}],"line":29},"4":{"loc":{"start":{"line":30,"column":21},"end":{"line":30,"column":72}},"type":"cond-expr","locations":[{"start":{"line":30,"column":36},"end":{"line":30,"column":60}},{"start":{"line":30,"column":63},"end":{"line":30,"column":72}}],"line":30},"5":{"loc":{"start":{"line":40,"column":17},"end":{"line":40,"column":108}},"type":"cond-expr","locations":[{"start":{"line":40,"column":64},"end":{"line":40,"column":103}},{"start":{"line":40,"column":106},"end":{"line":40,"column":108}}],"line":40},"6":{"loc":{"start":{"line":50,"column":4},"end":{"line":115,"column":5}},"type":"if","locations":[{"start":{"line":50,"column":4},"end":{"line":115,"column":5}},{"start":{"line":106,"column":11},"end":{"line":115,"column":5}}],"line":50},"7":{"loc":{"start":{"line":50,"column":8},"end":{"line":50,"column":71}},"type":"binary-expr","locations":[{"start":{"line":50,"column":8},"end":{"line":50,"column":40}},{"start":{"line":50,"column":44},"end":{"line":50,"column":71}}],"line":50},"8":{"loc":{"start":{"line":83,"column":10},"end":{"line":88,"column":11}},"type":"if","locations":[{"start":{"line":83,"column":10},"end":{"line":88,"column":11}},{"start":{},"end":{}}],"line":83},"9":{"loc":{"start":{"line":94,"column":6},"end":{"line":105,"column":7}},"type":"if","locations":[{"start":{"line":94,"column":6},"end":{"line":105,"column":7}},{"start":{},"end":{}}],"line":94},"10":{"loc":{"start":{"line":97,"column":8},"end":{"line":104,"column":9}},"type":"if","locations":[{"start":{"line":97,"column":8},"end":{"line":104,"column":9}},{"start":{},"end":{}}],"line":97},"11":{"loc":{"start":{"line":117,"column":45},"end":{"line":117,"column":109}},"type":"cond-expr","locations":[{"start":{"line":117,"column":79},"end":{"line":117,"column":95}},{"start":{"line":117,"column":98},"end":{"line":117,"column":109}}],"line":117},"12":{"loc":{"start":{"line":127,"column":6},"end":{"line":153,"column":7}},"type":"if","locations":[{"start":{"line":127,"column":6},"end":{"line":153,"column":7}},{"start":{"line":151,"column":13},"end":{"line":153,"column":7}}],"line":127},"13":{"loc":{"start":{"line":127,"column":10},"end":{"line":127,"column":74}},"type":"binary-expr","locations":[{"start":{"line":127,"column":10},"end":{"line":127,"column":41}},{"start":{"line":127,"column":45},"end":{"line":127,"column":74}}],"line":127},"14":{"loc":{"start":{"line":165,"column":6},"end":{"line":172,"column":7}},"type":"if","locations":[{"start":{"line":165,"column":6},"end":{"line":172,"column":7}},{"start":{"line":170,"column":13},"end":{"line":172,"column":7}}],"line":165},"15":{"loc":{"start":{"line":177,"column":4},"end":{"line":179,"column":5}},"type":"if","locations":[{"start":{"line":177,"column":4},"end":{"line":179,"column":5}},{"start":{},"end":{}}],"line":177},"16":{"loc":{"start":{"line":177,"column":8},"end":{"line":177,"column":47}},"type":"binary-expr","locations":[{"start":{"line":177,"column":8},"end":{"line":177,"column":22}},{"start":{"line":177,"column":26},"end":{"line":177,"column":47}}],"line":177},"17":{"loc":{"start":{"line":185,"column":4},"end":{"line":195,"column":5}},"type":"if","locations":[{"start":{"line":185,"column":4},"end":{"line":195,"column":5}},{"start":{"line":193,"column":11},"end":{"line":195,"column":5}}],"line":185}},"s":{"0":1,"1":1,"2":1,"3":1,"4":1,"5":1,"6":1,"7":1,"8":1,"9":1,"10":0,"11":0,"12":0,"13":1,"14":44,"15":42,"16":42,"17":42,"18":41,"19":40,"20":39,"21":39,"22":39,"23":39,"24":39,"25":15,"26":15,"27":15,"28":15,"29":94,"30":94,"31":94,"32":2,"33":2,"34":2,"35":2,"36":15,"37":13,"38":13,"39":13,"40":13,"41":0,"42":13,"43":24,"44":39,"45":39,"46":39,"47":39,"48":7,"49":7,"50":6,"51":6,"52":6,"53":0,"54":0,"55":6,"56":6,"57":1,"58":32,"59":32,"60":32,"61":32,"62":32,"63":4,"64":4,"65":3,"66":3,"67":0,"68":0,"69":1,"70":28,"71":27,"72":1,"73":26,"74":26,"75":26,"76":24,"77":24,"78":23,"79":23,"80":1,"81":2,"82":26,"83":26,"84":26,"85":16,"86":16,"87":16,"88":16},"f":{"0":44},"b":{"0":[0,1],"1":[1,1],"2":[44,1],"3":[3,39],"4":[2,38],"5":[38,1],"6":[15,24],"7":[39,24],"8":[2,85],"9":[13,2],"10":[13,0],"11":[39,0],"12":[6,1],"13":[7,7],"14":[3,1],"15":[1,26],"16":[27,26],"17":[24,2]},"inputSourceMap":null,"_coverageSchema":"1a1c01bbd47fc00a2c39e90264f33305004495a9","hash":"5063c01bb0f4257082d7328e29fbdad0008a1a88"}
,"/Users/pavanrathod/pdf-generation-serverless/src/handlers/getPDF.js": {"path":"/Users/pavanrathod/pdf-generation-serverless/src/handlers/getPDF.js","statementMap":{"0":{"start":{"line":1,"column":32},"end":{"line":1,"column":66}},"1":{"start":{"line":2,"column":15},"end":{"line":2,"column":41}},"2":{"start":{"line":3,"column":15},"end":{"line":3,"column":41}},"3":{"start":{"line":5,"column":0},"end":{"line":86,"column":2}},"4":{"start":{"line":6,"column":20},"end":{"line":6,"column":55}},"5":{"start":{"line":7,"column":2},"end":{"line":7,"column":89}},"6":{"start":{"line":9,"column":2},"end":{"line":85,"column":3}},"7":{"start":{"line":10,"column":19},"end":{"line":10,"column":52}},"8":{"start":{"line":12,"column":4},"end":{"line":24,"column":5}},"9":{"start":{"line":13,"column":28},"end":{"line":13,"column":70}},"10":{"start":{"line":14,"column":6},"end":{"line":14,"column":68}},"11":{"start":{"line":16,"column":6},"end":{"line":23,"column":8}},"12":{"start":{"line":26,"column":21},"end":{"line":26,"column":25}},"13":{"start":{"line":28,"column":4},"end":{"line":37,"column":5}},"14":{"start":{"line":29,"column":6},"end":{"line":34,"column":7}},"15":{"start":{"line":30,"column":8},"end":{"line":30,"column":163}},"16":{"start":{"line":31,"column":8},"end":{"line":31,"column":74}},"17":{"start":{"line":33,"column":8},"end":{"line":33,"column":90}},"18":{"start":{"line":36,"column":6},"end":{"line":36,"column":61}},"19":{"start":{"line":39,"column":4},"end":{"line":69,"column":5}},"20":{"start":{"line":40,"column":30},"end":{"line":44,"column":7}},"21":{"start":{"line":45,"column":6},"end":{"line":45,"column":70}},"22":{"start":{"line":47,"column":6},"end":{"line":56,"column":8}},"23":{"start":{"line":58,"column":31},"end":{"line":58,"column":57}},"24":{"start":{"line":59,"column":6},"end":{"line":59,"column":71}},"25":{"start":{"line":61,"column":6},"end":{"line":68,"column":8}},"26":{"start":{"line":72,"column":4},"end":{"line":72,"column":57}},"27":{"start":{"line":74,"column":26},"end":{"line":74,"column":50}},"28":{"start":{"line":75,"column":4},"end":{"line":75,"column":66}},"29":{"start":{"line":77,"column":4},"end":{"line":84,"column":6}}},"fnMap":{"0":{"name":"(anonymous_0)","decl":{"start":{"line":5,"column":25},"end":{"line":5,"column":26}},"loc":{"start":{"line":5,"column":42},"end":{"line":86,"column":1}},"line":5}},"branchMap":{"0":{"loc":{"start":{"line":6,"column":20},"end":{"line":6,"column":55}},"type":"binary-expr","locations":[{"start":{"line":6,"column":20},"end":{"line":6,"column":49}},{"start":{"line":6,"column":53},"end":{"line":6,"column":55}}],"line":6},"1":{"loc":{"start":{"line":10,"column":19},"end":{"line":10,"column":52}},"type":"binary-expr","locations":[{"start":{"line":10,"column":19},"end":{"line":10,"column":46}},{"start":{"line":10,"column":50},"end":{"line":10,"column":52}}],"line":10},"2":{"loc":{"start":{"line":12,"column":4},"end":{"line":24,"column":5}},"type":"if","locations":[{"start":{"line":12,"column":4},"end":{"line":24,"column":5}},{"start":{},"end":{}}],"line":12},"3":{"loc":{"start":{"line":28,"column":4},"end":{"line":37,"column":5}},"type":"if","locations":[{"start":{"line":28,"column":4},"end":{"line":37,"column":5}},{"start":{"line":35,"column":11},"end":{"line":37,"column":5}}],"line":28},"4":{"loc":{"start":{"line":39,"column":4},"end":{"line":69,"column":5}},"type":"if","locations":[{"start":{"line":39,"column":4},"end":{"line":69,"column":5}},{"start":{"line":57,"column":11},"end":{"line":69,"column":5}}],"line":39}},"s":{"0":1,"1":1,"2":1,"3":1,"4":36,"5":34,"6":34,"7":34,"8":34,"9":6,"10":6,"11":6,"12":28,"13":28,"14":21,"15":21,"16":19,"17":2,"18":3,"19":24,"20":17,"21":17,"22":17,"23":7,"24":7,"25":7,"26":4,"27":4,"28":4,"29":4},"f":{"0":36},"b":{"0":[36,5],"1":[34,2],"2":[6,28],"3":[21,3],"4":[17,7]},"inputSourceMap":null,"_coverageSchema":"1a1c01bbd47fc00a2c39e90264f33305004495a9","hash":"b23930c88d0390a6034bcf7d9e5637afa809e6df"}
,"/Users/pavanrathod/pdf-generation-serverless/src/helpers/reportGenerationHelpers.js": {"path":"/Users/pavanrathod/pdf-generation-serverless/src/helpers/reportGenerationHelpers.js","statementMap":{"0":{"start":{"line":3,"column":19},"end":{"line":3,"column":21}},"1":{"start":{"line":4,"column":17},"end":{"line":4,"column":19}},"2":{"start":{"line":5,"column":19},"end":{"line":5,"column":20}},"3":{"start":{"line":6,"column":21},"end":{"line":6,"column":22}},"4":{"start":{"line":7,"column":18},"end":{"line":7,"column":19}},"5":{"start":{"line":8,"column":19},"end":{"line":8,"column":20}},"6":{"start":{"line":9,"column":1},"end":{"line":68,"column":2}},"7":{"start":{"line":11,"column":22},"end":{"line":21,"column":21}},"8":{"start":{"line":12,"column":3},"end":{"line":15,"column":4}},"9":{"start":{"line":13,"column":4},"end":{"line":13,"column":17}},"10":{"start":{"line":14,"column":4},"end":{"line":14,"column":16}},"11":{"start":{"line":16,"column":3},"end":{"line":19,"column":4}},"12":{"start":{"line":17,"column":4},"end":{"line":17,"column":18}},"13":{"start":{"line":18,"column":4},"end":{"line":18,"column":16}},"14":{"start":{"line":20,"column":3},"end":{"line":20,"column":16}},"15":{"start":{"line":23,"column":2},"end":{"line":67,"column":5}},"16":{"start":{"line":24,"column":3},"end":{"line":44,"column":4}},"17":{"start":{"line":25,"column":4},"end":{"line":43,"column":6}},"18":{"start":{"line":46,"column":3},"end":{"line":66,"column":4}},"19":{"start":{"line":47,"column":4},"end":{"line":65,"column":6}},"20":{"start":{"line":70,"column":1},"end":{"line":114,"column":2}},"21":{"start":{"line":71,"column":2},"end":{"line":91,"column":3}},"22":{"start":{"line":71,"column":15},"end":{"line":71,"column":26}},"23":{"start":{"line":72,"column":3},"end":{"line":90,"column":5}},"24":{"start":{"line":93,"column":2},"end":{"line":113,"column":3}},"25":{"start":{"line":93,"column":15},"end":{"line":93,"column":28}},"26":{"start":{"line":94,"column":3},"end":{"line":112,"column":5}},"27":{"start":{"line":116,"column":1},"end":{"line":116,"column":34}},"28":{"start":{"line":122,"column":23},"end":{"line":122,"column":25}},"29":{"start":{"line":124,"column":19},"end":{"line":124,"column":87}},"30":{"start":{"line":125,"column":17},"end":{"line":125,"column":76}},"31":{"start":{"line":126,"column":22},"end":{"line":126,"column":81}},"32":{"start":{"line":127,"column":20},"end":{"line":127,"column":79}},"33":{"start":{"line":130,"column":1},"end":{"line":151,"column":2}},"34":{"start":{"line":131,"column":2},"end":{"line":143,"column":5}},"35":{"start":{"line":132,"column":3},"end":{"line":142,"column":4}},"36":{"start":{"line":133,"column":21},"end":{"line":133,"column":37}},"37":{"start":{"line":134,"column":21},"end":{"line":134,"column":32}},"38":{"start":{"line":135,"column":22},"end":{"line":135,"column":33}},"39":{"start":{"line":137,"column":4},"end":{"line":139,"column":5}},"40":{"start":{"line":138,"column":5},"end":{"line":138,"column":34}},"41":{"start":{"line":141,"column":4},"end":{"line":141,"column":47}},"42":{"start":{"line":145,"column":2},"end":{"line":150,"column":3}},"43":{"start":{"line":146,"column":3},"end":{"line":146,"column":37}},"44":{"start":{"line":147,"column":3},"end":{"line":147,"column":73}},"45":{"start":{"line":148,"column":3},"end":{"line":148,"column":89}},"46":{"start":{"line":149,"column":3},"end":{"line":149,"column":99}},"47":{"start":{"line":153,"column":1},"end":{"line":153,"column":25}},"48":{"start":{"line":154,"column":1},"end":{"line":154,"column":23}},"49":{"start":{"line":155,"column":1},"end":{"line":155,"column":28}},"50":{"start":{"line":156,"column":1},"end":{"line":156,"column":26}},"51":{"start":{"line":158,"column":1},"end":{"line":171,"column":3}},"52":{"start":{"line":178,"column":2},"end":{"line":186,"column":9}},"53":{"start":{"line":188,"column":2},"end":{"line":193,"column":11}},"54":{"start":{"line":195,"column":2},"end":{"line":355,"column":18}},"55":{"start":{"line":197,"column":22},"end":{"line":197,"column":49}},"56":{"start":{"line":198,"column":6},"end":{"line":198,"column":52}},"57":{"start":{"line":198,"column":19},"end":{"line":198,"column":52}},"58":{"start":{"line":201,"column":3},"end":{"line":201,"column":42}},"59":{"start":{"line":204,"column":22},"end":{"line":204,"column":49}},"60":{"start":{"line":205,"column":6},"end":{"line":205,"column":50}},"61":{"start":{"line":205,"column":19},"end":{"line":205,"column":50}},"62":{"start":{"line":208,"column":3},"end":{"line":215,"column":9}},"63":{"start":{"line":218,"column":3},"end":{"line":225,"column":9}},"64":{"start":{"line":228,"column":4},"end":{"line":228,"column":61}},"65":{"start":{"line":229,"column":4},"end":{"line":229,"column":52}},"66":{"start":{"line":230,"column":4},"end":{"line":230,"column":65}},"67":{"start":{"line":231,"column":4},"end":{"line":231,"column":58}},"68":{"start":{"line":234,"column":28},"end":{"line":236,"column":17}},"69":{"start":{"line":235,"column":22},"end":{"line":235,"column":41}},"70":{"start":{"line":237,"column":4},"end":{"line":237,"column":48}},"71":{"start":{"line":238,"column":4},"end":{"line":238,"column":56}},"72":{"start":{"line":239,"column":4},"end":{"line":239,"column":59}},"73":{"start":{"line":242,"column":4},"end":{"line":242,"column":61}},"74":{"start":{"line":243,"column":4},"end":{"line":243,"column":63}},"75":{"start":{"line":244,"column":4},"end":{"line":244,"column":64}},"76":{"start":{"line":245,"column":4},"end":{"line":245,"column":67}},"77":{"start":{"line":248,"column":4},"end":{"line":248,"column":60}},"78":{"start":{"line":249,"column":4},"end":{"line":249,"column":83}},"79":{"start":{"line":252,"column":4},"end":{"line":252,"column":51}},"80":{"start":{"line":253,"column":4},"end":{"line":253,"column":67}},"81":{"start":{"line":254,"column":4},"end":{"line":254,"column":65}},"82":{"start":{"line":255,"column":4},"end":{"line":255,"column":66}},"83":{"start":{"line":256,"column":4},"end":{"line":256,"column":70}},"84":{"start":{"line":259,"column":4},"end":{"line":259,"column":68}},"85":{"start":{"line":260,"column":4},"end":{"line":260,"column":53}},"86":{"start":{"line":261,"column":4},"end":{"line":261,"column":71}},"87":{"start":{"line":262,"column":4},"end":{"line":262,"column":77}},"88":{"start":{"line":265,"column":4},"end":{"line":265,"column":75}},"89":{"start":{"line":266,"column":4},"end":{"line":266,"column":70}},"90":{"start":{"line":267,"column":4},"end":{"line":267,"column":72}},"91":{"start":{"line":268,"column":4},"end":{"line":268,"column":58}},"92":{"start":{"line":269,"column":4},"end":{"line":269,"column":57}},"93":{"start":{"line":270,"column":4},"end":{"line":270,"column":56}},"94":{"start":{"line":271,"column":4},"end":{"line":271,"column":72}},"95":{"start":{"line":272,"column":4},"end":{"line":272,"column":55}},"96":{"start":{"line":273,"column":4},"end":{"line":273,"column":60}},"97":{"start":{"line":276,"column":4},"end":{"line":276,"column":75}},"98":{"start":{"line":278,"column":26},"end":{"line":288,"column":3}},"99":{"start":{"line":290,"column":25},"end":{"line":314,"column":3}},"100":{"start":{"line":316,"column":2},"end":{"line":316,"column":46}},"101":{"start":{"line":317,"column":2},"end":{"line":317,"column":48}},"102":{"start":{"line":320,"column":20},"end":{"line":320,"column":22}},"103":{"start":{"line":321,"column":20},"end":{"line":321,"column":22}},"104":{"start":{"line":322,"column":20},"end":{"line":322,"column":22}},"105":{"start":{"line":324,"column":4},"end":{"line":343,"column":5}},"106":{"start":{"line":325,"column":6},"end":{"line":342,"column":9}},"107":{"start":{"line":326,"column":8},"end":{"line":341,"column":9}},"108":{"start":{"line":327,"column":10},"end":{"line":330,"column":11}},"109":{"start":{"line":328,"column":12},"end":{"line":328,"column":76}},"110":{"start":{"line":329,"column":12},"end":{"line":329,"column":101}},"111":{"start":{"line":331,"column":15},"end":{"line":341,"column":9}},"112":{"start":{"line":332,"column":10},"end":{"line":335,"column":11}},"113":{"start":{"line":333,"column":12},"end":{"line":333,"column":76}},"114":{"start":{"line":334,"column":12},"end":{"line":334,"column":101}},"115":{"start":{"line":336,"column":15},"end":{"line":341,"column":9}},"116":{"start":{"line":337,"column":10},"end":{"line":340,"column":11}},"117":{"start":{"line":338,"column":12},"end":{"line":338,"column":76}},"118":{"start":{"line":339,"column":12},"end":{"line":339,"column":101}},"119":{"start":{"line":346,"column":4},"end":{"line":346,"column":93}},"120":{"start":{"line":347,"column":4},"end":{"line":347,"column":90}},"121":{"start":{"line":348,"column":4},"end":{"line":348,"column":96}},"122":{"start":{"line":351,"column":4},"end":{"line":351,"column":51}},"123":{"start":{"line":352,"column":4},"end":{"line":352,"column":53}},"124":{"start":{"line":353,"column":4},"end":{"line":353,"column":49}},"125":{"start":{"line":357,"column":2},"end":{"line":364,"column":5}},"126":{"start":{"line":368,"column":0},"end":{"line":372,"column":2}}},"fnMap":{"0":{"name":"generatePartReturnedAndConsumedTable","decl":{"start":{"line":2,"column":9},"end":{"line":2,"column":45}},"loc":{"start":{"line":2,"column":86},"end":{"line":117,"column":1}},"line":2},"1":{"name":"(anonymous_1)","decl":{"start":{"line":11,"column":57},"end":{"line":11,"column":58}},"loc":{"start":{"line":11,"column":70},"end":{"line":21,"column":3}},"line":11},"2":{"name":"(anonymous_2)","decl":{"start":{"line":23,"column":22},"end":{"line":23,"column":23}},"loc":{"start":{"line":23,"column":35},"end":{"line":67,"column":3}},"line":23},"3":{"name":"generateSafetyTable","decl":{"start":{"line":121,"column":9},"end":{"line":121,"column":28}},"loc":{"start":{"line":121,"column":39},"end":{"line":172,"column":1}},"line":121},"4":{"name":"(anonymous_4)","decl":{"start":{"line":131,"column":19},"end":{"line":131,"column":20}},"loc":{"start":{"line":131,"column":29},"end":{"line":143,"column":3}},"line":131},"5":{"name":"generateThermalOrPowerReport","decl":{"start":{"line":176,"column":15},"end":{"line":176,"column":43}},"loc":{"start":{"line":176,"column":63},"end":{"line":365,"column":1}},"line":176},"6":{"name":"(anonymous_6)","decl":{"start":{"line":195,"column":22},"end":{"line":195,"column":23}},"loc":{"start":{"line":195,"column":39},"end":{"line":355,"column":3}},"line":195},"7":{"name":"setData","decl":{"start":{"line":196,"column":13},"end":{"line":196,"column":20}},"loc":{"start":{"line":196,"column":31},"end":{"line":199,"column":5}},"line":196},"8":{"name":"setImage","decl":{"start":{"line":200,"column":13},"end":{"line":200,"column":21}},"loc":{"start":{"line":200,"column":32},"end":{"line":202,"column":3}},"line":200},"9":{"name":"setHTML","decl":{"start":{"line":203,"column":13},"end":{"line":203,"column":20}},"loc":{"start":{"line":203,"column":31},"end":{"line":206,"column":5}},"line":203},"10":{"name":"(anonymous_10)","decl":{"start":{"line":235,"column":14},"end":{"line":235,"column":15}},"loc":{"start":{"line":235,"column":22},"end":{"line":235,"column":41}},"line":235},"11":{"name":"(anonymous_11)","decl":{"start":{"line":325,"column":42},"end":{"line":325,"column":43}},"loc":{"start":{"line":325,"column":58},"end":{"line":342,"column":7}},"line":325}},"branchMap":{"0":{"loc":{"start":{"line":2,"column":68},"end":{"line":2,"column":84}},"type":"default-arg","locations":[{"start":{"line":2,"column":79},"end":{"line":2,"column":84}}],"line":2},"1":{"loc":{"start":{"line":9,"column":1},"end":{"line":68,"column":2}},"type":"if","locations":[{"start":{"line":9,"column":1},"end":{"line":68,"column":2}},{"start":{},"end":{}}],"line":9},"2":{"loc":{"start":{"line":9,"column":5},"end":{"line":9,"column":48}},"type":"binary-expr","locations":[{"start":{"line":9,"column":5},"end":{"line":9,"column":19}},{"start":{"line":9,"column":23},"end":{"line":9,"column":48}}],"line":9},"3":{"loc":{"start":{"line":11,"column":22},"end":{"line":21,"column":21}},"type":"cond-expr","locations":[{"start":{"line":11,"column":35},"end":{"line":21,"column":4}},{"start":{"line":21,"column":7},"end":{"line":21,"column":21}}],"line":11},"4":{"loc":{"start":{"line":12,"column":3},"end":{"line":15,"column":4}},"type":"if","locations":[{"start":{"line":12,"column":3},"end":{"line":15,"column":4}},{"start":{},"end":{}}],"line":12},"5":{"loc":{"start":{"line":12,"column":7},"end":{"line":12,"column":79}},"type":"binary-expr","locations":[{"start":{"line":12,"column":7},"end":{"line":12,"column":61}},{"start":{"line":12,"column":65},"end":{"line":12,"column":79}}],"line":12},"6":{"loc":{"start":{"line":16,"column":3},"end":{"line":19,"column":4}},"type":"if","locations":[{"start":{"line":16,"column":3},"end":{"line":19,"column":4}},{"start":{},"end":{}}],"line":16},"7":{"loc":{"start":{"line":16,"column":7},"end":{"line":16,"column":80}},"type":"binary-expr","locations":[{"start":{"line":16,"column":7},"end":{"line":16,"column":61}},{"start":{"line":16,"column":65},"end":{"line":16,"column":80}}],"line":16},"8":{"loc":{"start":{"line":24,"column":3},"end":{"line":44,"column":4}},"type":"if","locations":[{"start":{"line":24,"column":3},"end":{"line":44,"column":4}},{"start":{},"end":{}}],"line":24},"9":{"loc":{"start":{"line":38,"column":227},"end":{"line":38,"column":269}},"type":"cond-expr","locations":[{"start":{"line":38,"column":247},"end":{"line":38,"column":264}},{"start":{"line":38,"column":267},"end":{"line":38,"column":269}}],"line":38},"10":{"loc":{"start":{"line":39,"column":225},"end":{"line":39,"column":281}},"type":"cond-expr","locations":[{"start":{"line":39,"column":252},"end":{"line":39,"column":276}},{"start":{"line":39,"column":279},"end":{"line":39,"column":281}}],"line":39},"11":{"loc":{"start":{"line":40,"column":227},"end":{"line":40,"column":277}},"type":"cond-expr","locations":[{"start":{"line":40,"column":251},"end":{"line":40,"column":272}},{"start":{"line":40,"column":275},"end":{"line":40,"column":277}}],"line":40},"12":{"loc":{"start":{"line":41,"column":78},"end":{"line":41,"column":118}},"type":"cond-expr","locations":[{"start":{"line":41,"column":97},"end":{"line":41,"column":113}},{"start":{"line":41,"column":116},"end":{"line":41,"column":118}}],"line":41},"13":{"loc":{"start":{"line":46,"column":3},"end":{"line":66,"column":4}},"type":"if","locations":[{"start":{"line":46,"column":3},"end":{"line":66,"column":4}},{"start":{},"end":{}}],"line":46},"14":{"loc":{"start":{"line":60,"column":227},"end":{"line":60,"column":269}},"type":"cond-expr","locations":[{"start":{"line":60,"column":247},"end":{"line":60,"column":264}},{"start":{"line":60,"column":267},"end":{"line":60,"column":269}}],"line":60},"15":{"loc":{"start":{"line":61,"column":225},"end":{"line":61,"column":281}},"type":"cond-expr","locations":[{"start":{"line":61,"column":252},"end":{"line":61,"column":276}},{"start":{"line":61,"column":279},"end":{"line":61,"column":281}}],"line":61},"16":{"loc":{"start":{"line":62,"column":227},"end":{"line":62,"column":277}},"type":"cond-expr","locations":[{"start":{"line":62,"column":251},"end":{"line":62,"column":272}},{"start":{"line":62,"column":275},"end":{"line":62,"column":277}}],"line":62},"17":{"loc":{"start":{"line":63,"column":78},"end":{"line":63,"column":118}},"type":"cond-expr","locations":[{"start":{"line":63,"column":97},"end":{"line":63,"column":113}},{"start":{"line":63,"column":116},"end":{"line":63,"column":118}}],"line":63},"18":{"loc":{"start":{"line":70,"column":1},"end":{"line":114,"column":2}},"type":"if","locations":[{"start":{"line":70,"column":1},"end":{"line":114,"column":2}},{"start":{},"end":{}}],"line":70},"19":{"loc":{"start":{"line":70,"column":5},"end":{"line":70,"column":63}},"type":"binary-expr","locations":[{"start":{"line":70,"column":5},"end":{"line":70,"column":33}},{"start":{"line":70,"column":37},"end":{"line":70,"column":63}}],"line":70},"20":{"loc":{"start":{"line":130,"column":1},"end":{"line":151,"column":2}},"type":"if","locations":[{"start":{"line":130,"column":1},"end":{"line":151,"column":2}},{"start":{},"end":{}}],"line":130},"21":{"loc":{"start":{"line":130,"column":5},"end":{"line":130,"column":36}},"type":"binary-expr","locations":[{"start":{"line":130,"column":5},"end":{"line":130,"column":13}},{"start":{"line":130,"column":17},"end":{"line":130,"column":36}}],"line":130},"22":{"loc":{"start":{"line":137,"column":4},"end":{"line":139,"column":5}},"type":"if","locations":[{"start":{"line":137,"column":4},"end":{"line":139,"column":5}},{"start":{},"end":{}}],"line":137},"23":{"loc":{"start":{"line":147,"column":19},"end":{"line":147,"column":63}},"type":"binary-expr","locations":[{"start":{"line":147,"column":19},"end":{"line":147,"column":57}},{"start":{"line":147,"column":61},"end":{"line":147,"column":63}}],"line":147},"24":{"loc":{"start":{"line":148,"column":24},"end":{"line":148,"column":79}},"type":"binary-expr","locations":[{"start":{"line":148,"column":24},"end":{"line":148,"column":73}},{"start":{"line":148,"column":77},"end":{"line":148,"column":79}}],"line":148},"25":{"loc":{"start":{"line":149,"column":22},"end":{"line":149,"column":89}},"type":"binary-expr","locations":[{"start":{"line":149,"column":22},"end":{"line":149,"column":83}},{"start":{"line":149,"column":87},"end":{"line":149,"column":89}}],"line":149},"26":{"loc":{"start":{"line":198,"column":6},"end":{"line":198,"column":52}},"type":"if","locations":[{"start":{"line":198,"column":6},"end":{"line":198,"column":52}},{"start":{},"end":{}}],"line":198},"27":{"loc":{"start":{"line":198,"column":41},"end":{"line":198,"column":51}},"type":"binary-expr","locations":[{"start":{"line":198,"column":41},"end":{"line":198,"column":45}},{"start":{"line":198,"column":49},"end":{"line":198,"column":51}}],"line":198},"28":{"loc":{"start":{"line":205,"column":6},"end":{"line":205,"column":50}},"type":"if","locations":[{"start":{"line":205,"column":6},"end":{"line":205,"column":50}},{"start":{},"end":{}}],"line":205},"29":{"loc":{"start":{"line":205,"column":39},"end":{"line":205,"column":49}},"type":"binary-expr","locations":[{"start":{"line":205,"column":39},"end":{"line":205,"column":43}},{"start":{"line":205,"column":47},"end":{"line":205,"column":49}}],"line":205},"30":{"loc":{"start":{"line":208,"column":3},"end":{"line":215,"column":9}},"type":"cond-expr","locations":[{"start":{"line":209,"column":6},"end":{"line":209,"column":41}},{"start":{"line":210,"column":6},"end":{"line":215,"column":9}}],"line":208},"31":{"loc":{"start":{"line":208,"column":3},"end":{"line":208,"column":89}},"type":"binary-expr","locations":[{"start":{"line":208,"column":3},"end":{"line":208,"column":39}},{"start":{"line":208,"column":43},"end":{"line":208,"column":89}}],"line":208},"32":{"loc":{"start":{"line":210,"column":6},"end":{"line":215,"column":9}},"type":"cond-expr","locations":[{"start":{"line":214,"column":7},"end":{"line":214,"column":54}},{"start":{"line":215,"column":7},"end":{"line":215,"column":9}}],"line":210},"33":{"loc":{"start":{"line":210,"column":6},"end":{"line":213,"column":63}},"type":"binary-expr","locations":[{"start":{"line":210,"column":6},"end":{"line":210,"column":22}},{"start":{"line":211,"column":5},"end":{"line":211,"column":35}},{"start":{"line":212,"column":5},"end":{"line":212,"column":54}},{"start":{"line":213,"column":5},"end":{"line":213,"column":63}}],"line":210},"34":{"loc":{"start":{"line":218,"column":3},"end":{"line":225,"column":9}},"type":"cond-expr","locations":[{"start":{"line":219,"column":6},"end":{"line":219,"column":40}},{"start":{"line":220,"column":6},"end":{"line":225,"column":9}}],"line":218},"35":{"loc":{"start":{"line":218,"column":3},"end":{"line":218,"column":87}},"type":"binary-expr","locations":[{"start":{"line":218,"column":3},"end":{"line":218,"column":38}},{"start":{"line":218,"column":42},"end":{"line":218,"column":87}}],"line":218},"36":{"loc":{"start":{"line":220,"column":6},"end":{"line":225,"column":9}},"type":"cond-expr","locations":[{"start":{"line":224,"column":7},"end":{"line":224,"column":53}},{"start":{"line":225,"column":7},"end":{"line":225,"column":9}}],"line":220},"37":{"loc":{"start":{"line":220,"column":6},"end":{"line":223,"column":62}},"type":"binary-expr","locations":[{"start":{"line":220,"column":6},"end":{"line":220,"column":22}},{"start":{"line":221,"column":5},"end":{"line":221,"column":35}},{"start":{"line":222,"column":5},"end":{"line":222,"column":53}},{"start":{"line":223,"column":5},"end":{"line":223,"column":62}}],"line":220},"38":{"loc":{"start":{"line":235,"column":22},"end":{"line":235,"column":41}},"type":"binary-expr","locations":[{"start":{"line":235,"column":22},"end":{"line":235,"column":26}},{"start":{"line":235,"column":30},"end":{"line":235,"column":41}}],"line":235},"39":{"loc":{"start":{"line":276,"column":31},"end":{"line":276,"column":73}},"type":"binary-expr","locations":[{"start":{"line":276,"column":31},"end":{"line":276,"column":64}},{"start":{"line":276,"column":68},"end":{"line":276,"column":73}}],"line":276},"40":{"loc":{"start":{"line":286,"column":137},"end":{"line":286,"column":223}},"type":"cond-expr","locations":[{"start":{"line":286,"column":179},"end":{"line":286,"column":218}},{"start":{"line":286,"column":221},"end":{"line":286,"column":223}}],"line":286},"41":{"loc":{"start":{"line":298,"column":25},"end":{"line":298,"column":60}},"type":"cond-expr","locations":[{"start":{"line":298,"column":44},"end":{"line":298,"column":52}},{"start":{"line":298,"column":55},"end":{"line":298,"column":60}}],"line":298},"42":{"loc":{"start":{"line":299,"column":7},"end":{"line":299,"column":163}},"type":"cond-expr","locations":[{"start":{"line":299,"column":41},"end":{"line":299,"column":134}},{"start":{"line":299,"column":137},"end":{"line":299,"column":163}}],"line":299},"43":{"loc":{"start":{"line":302,"column":25},"end":{"line":302,"column":60}},"type":"cond-expr","locations":[{"start":{"line":302,"column":44},"end":{"line":302,"column":52}},{"start":{"line":302,"column":55},"end":{"line":302,"column":60}}],"line":302},"44":{"loc":{"start":{"line":302,"column":188},"end":{"line":302,"column":220}},"type":"cond-expr","locations":[{"start":{"line":302,"column":207},"end":{"line":302,"column":212}},{"start":{"line":302,"column":215},"end":{"line":302,"column":220}}],"line":302},"45":{"loc":{"start":{"line":303,"column":7},"end":{"line":303,"column":135}},"type":"cond-expr","locations":[{"start":{"line":303,"column":27},"end":{"line":303,"column":106}},{"start":{"line":303,"column":109},"end":{"line":303,"column":135}}],"line":303},"46":{"loc":{"start":{"line":306,"column":6},"end":{"line":311,"column":8}},"type":"cond-expr","locations":[{"start":{"line":307,"column":4},"end":{"line":310,"column":12}},{"start":{"line":311,"column":6},"end":{"line":311,"column":8}}],"line":306},"47":{"loc":{"start":{"line":324,"column":4},"end":{"line":343,"column":5}},"type":"if","locations":[{"start":{"line":324,"column":4},"end":{"line":343,"column":5}},{"start":{},"end":{}}],"line":324},"48":{"loc":{"start":{"line":324,"column":8},"end":{"line":324,"column":81}},"type":"binary-expr","locations":[{"start":{"line":324,"column":8},"end":{"line":324,"column":35}},{"start":{"line":324,"column":39},"end":{"line":324,"column":81}}],"line":324},"49":{"loc":{"start":{"line":326,"column":8},"end":{"line":341,"column":9}},"type":"if","locations":[{"start":{"line":326,"column":8},"end":{"line":341,"column":9}},{"start":{"line":331,"column":15},"end":{"line":341,"column":9}}],"line":326},"50":{"loc":{"start":{"line":327,"column":10},"end":{"line":330,"column":11}},"type":"if","locations":[{"start":{"line":327,"column":10},"end":{"line":330,"column":11}},{"start":{},"end":{}}],"line":327},"51":{"loc":{"start":{"line":328,"column":24},"end":{"line":328,"column":75}},"type":"cond-expr","locations":[{"start":{"line":328,"column":47},"end":{"line":328,"column":63}},{"start":{"line":328,"column":66},"end":{"line":328,"column":75}}],"line":328},"52":{"loc":{"start":{"line":331,"column":15},"end":{"line":341,"column":9}},"type":"if","locations":[{"start":{"line":331,"column":15},"end":{"line":341,"column":9}},{"start":{"line":336,"column":15},"end":{"line":341,"column":9}}],"line":331},"53":{"loc":{"start":{"line":332,"column":10},"end":{"line":335,"column":11}},"type":"if","locations":[{"start":{"line":332,"column":10},"end":{"line":335,"column":11}},{"start":{},"end":{}}],"line":332},"54":{"loc":{"start":{"line":333,"column":24},"end":{"line":333,"column":75}},"type":"cond-expr","locations":[{"start":{"line":333,"column":47},"end":{"line":333,"column":63}},{"start":{"line":333,"column":66},"end":{"line":333,"column":75}}],"line":333},"55":{"loc":{"start":{"line":336,"column":15},"end":{"line":341,"column":9}},"type":"if","locations":[{"start":{"line":336,"column":15},"end":{"line":341,"column":9}},{"start":{},"end":{}}],"line":336},"56":{"loc":{"start":{"line":337,"column":10},"end":{"line":340,"column":11}},"type":"if","locations":[{"start":{"line":337,"column":10},"end":{"line":340,"column":11}},{"start":{},"end":{}}],"line":337},"57":{"loc":{"start":{"line":338,"column":24},"end":{"line":338,"column":75}},"type":"cond-expr","locations":[{"start":{"line":338,"column":47},"end":{"line":338,"column":63}},{"start":{"line":338,"column":66},"end":{"line":338,"column":75}}],"line":338}},"s":{"0":17,"1":17,"2":17,"3":17,"4":17,"5":17,"6":17,"7":10,"8":8,"9":3,"10":3,"11":5,"12":3,"13":3,"14":2,"15":10,"16":16,"17":9,"18":15,"19":6,"20":13,"21":9,"22":9,"23":21,"24":9,"25":9,"26":24,"27":13,"28":12,"29":12,"30":12,"31":12,"32":12,"33":12,"34":8,"35":7,"36":24,"37":24,"38":24,"39":24,"40":9,"41":24,"42":7,"43":9,"44":9,"45":9,"46":9,"47":11,"48":11,"49":11,"50":11,"51":11,"52":68,"53":68,"54":68,"55":800,"56":800,"57":768,"58":0,"59":200,"60":200,"61":192,"62":27,"63":27,"64":27,"65":25,"66":25,"67":25,"68":25,"69":75,"70":25,"71":25,"72":25,"73":25,"74":25,"75":25,"76":25,"77":25,"78":25,"79":25,"80":25,"81":25,"82":25,"83":25,"84":25,"85":25,"86":25,"87":25,"88":25,"89":25,"90":25,"91":25,"92":25,"93":25,"94":25,"95":25,"96":25,"97":25,"98":25,"99":25,"100":25,"101":25,"102":25,"103":25,"104":25,"105":25,"106":5,"107":13,"108":6,"109":5,"110":5,"111":7,"112":3,"113":3,"114":3,"115":4,"116":4,"117":3,"118":3,"119":25,"120":25,"121":25,"122":25,"123":25,"124":25,"125":67,"126":1},"f":{"0":17,"1":8,"2":16,"3":12,"4":7,"5":68,"6":27,"7":800,"8":0,"9":200,"10":75,"11":13},"b":{"0":[0],"1":[10,5],"2":[17,14],"3":[1,9],"4":[3,5],"5":[8,4],"6":[3,2],"7":[5,4],"8":[9,6],"9":[8,1],"10":[8,1],"11":[8,1],"12":[8,1],"13":[6,9],"14":[6,0],"15":[6,0],"16":[6,0],"17":[6,0],"18":[9,4],"19":[13,4],"20":[8,4],"21":[12,9],"22":[9,15],"23":[9,2],"24":[9,2],"25":[9,3],"26":[768,32],"27":[768,736],"28":[192,8],"29":[192,122],"30":[1,26],"31":[27,2],"32":[1,25],"33":[26,3,3,2],"34":[1,26],"35":[27,2],"36":[1,25],"37":[26,3,3,2],"38":[75,4],"39":[25,25],"40":[2,23],"41":[2,23],"42":[1,24],"43":[2,23],"44":[2,23],"45":[2,23],"46":[2,23],"47":[5,20],"48":[25,6],"49":[6,7],"50":[5,1],"51":[1,4],"52":[3,4],"53":[3,0],"54":[0,3],"55":[4,0],"56":[3,1],"57":[0,3]},"inputSourceMap":null,"_coverageSchema":"1a1c01bbd47fc00a2c39e90264f33305004495a9","hash":"5e9efe4782fbb74cf4da13eeda5d6ad22f2cd0fb"}
,"/Users/pavanrathod/pdf-generation-serverless/src/helpers/s3Operations.js": {"path":"/Users/pavanrathod/pdf-generation-serverless/src/helpers/s3Operations.js","statementMap":{"0":{"start":{"line":1,"column":12},"end":{"line":1,"column":30}},"1":{"start":{"line":2,"column":15},"end":{"line":2,"column":41}},"2":{"start":{"line":3,"column":15},"end":{"line":3,"column":41}},"3":{"start":{"line":5,"column":11},"end":{"line":5,"column":43}},"4":{"start":{"line":8,"column":2},"end":{"line":51,"column":3}},"5":{"start":{"line":9,"column":23},"end":{"line":9,"column":39}},"6":{"start":{"line":10,"column":21},"end":{"line":10,"column":50}},"7":{"start":{"line":12,"column":19},"end":{"line":15,"column":5}},"8":{"start":{"line":17,"column":4},"end":{"line":46,"column":5}},"9":{"start":{"line":19,"column":8},"end":{"line":19,"column":27}},"10":{"start":{"line":20,"column":8},"end":{"line":20,"column":47}},"11":{"start":{"line":21,"column":8},"end":{"line":25,"column":10}},"12":{"start":{"line":27,"column":29},"end":{"line":27,"column":62}},"13":{"start":{"line":28,"column":8},"end":{"line":28,"column":79}},"14":{"start":{"line":29,"column":8},"end":{"line":29,"column":33}},"15":{"start":{"line":32,"column":27},"end":{"line":32,"column":63}},"16":{"start":{"line":33,"column":8},"end":{"line":33,"column":54}},"17":{"start":{"line":34,"column":8},"end":{"line":34,"column":31}},"18":{"start":{"line":37,"column":26},"end":{"line":40,"column":10}},"19":{"start":{"line":41,"column":8},"end":{"line":41,"column":62}},"20":{"start":{"line":42,"column":8},"end":{"line":42,"column":25}},"21":{"start":{"line":45,"column":8},"end":{"line":45,"column":63}},"22":{"start":{"line":49,"column":4},"end":{"line":49,"column":62}},"23":{"start":{"line":50,"column":4},"end":{"line":50,"column":16}},"24":{"start":{"line":54,"column":0},"end":{"line":54,"column":41}}},"fnMap":{"0":{"name":"s3FSRFileOperations","decl":{"start":{"line":7,"column":15},"end":{"line":7,"column":34}},"loc":{"start":{"line":7,"column":103},"end":{"line":52,"column":1}},"line":7}},"branchMap":{"0":{"loc":{"start":{"line":7,"column":46},"end":{"line":7,"column":55}},"type":"default-arg","locations":[{"start":{"line":7,"column":53},"end":{"line":7,"column":55}}],"line":7},"1":{"loc":{"start":{"line":7,"column":57},"end":{"line":7,"column":69}},"type":"default-arg","locations":[{"start":{"line":7,"column":67},"end":{"line":7,"column":69}}],"line":7},"2":{"loc":{"start":{"line":7,"column":71},"end":{"line":7,"column":80}},"type":"default-arg","locations":[{"start":{"line":7,"column":78},"end":{"line":7,"column":80}}],"line":7},"3":{"loc":{"start":{"line":7,"column":82},"end":{"line":7,"column":101}},"type":"default-arg","locations":[{"start":{"line":7,"column":96},"end":{"line":7,"column":101}}],"line":7},"4":{"loc":{"start":{"line":10,"column":21},"end":{"line":10,"column":50}},"type":"cond-expr","locations":[{"start":{"line":10,"column":28},"end":{"line":10,"column":44}},{"start":{"line":10,"column":47},"end":{"line":10,"column":50}}],"line":10},"5":{"loc":{"start":{"line":17,"column":4},"end":{"line":46,"column":5}},"type":"switch","locations":[{"start":{"line":18,"column":6},"end":{"line":29,"column":33}},{"start":{"line":31,"column":6},"end":{"line":34,"column":31}},{"start":{"line":36,"column":6},"end":{"line":42,"column":25}},{"start":{"line":44,"column":6},"end":{"line":45,"column":63}}],"line":17}},"s":{"0":1,"1":1,"2":1,"3":1,"4":23,"5":23,"6":23,"7":23,"8":23,"9":15,"10":15,"11":15,"12":15,"13":0,"14":0,"15":3,"16":0,"17":0,"18":4,"19":3,"20":3,"21":1,"22":20,"23":20,"24":1},"f":{"0":23},"b":{"0":[0],"1":[0],"2":[0],"3":[22],"4":[3,20],"5":[15,3,4,1]},"inputSourceMap":null,"_coverageSchema":"1a1c01bbd47fc00a2c39e90264f33305004495a9","hash":"84d9f1d592ac1b45c520c761212fd7b3579b8a2b"}
,"/Users/pavanrathod/pdf-generation-serverless/src/utils/config.js": {"path":"/Users/pavanrathod/pdf-generation-serverless/src/utils/config.js","statementMap":{"0":{"start":{"line":1,"column":35},"end":{"line":1,"column":57}},"1":{"start":{"line":5,"column":4},"end":{"line":5,"column":22}},"2":{"start":{"line":10,"column":4},"end":{"line":14,"column":6}},"3":{"start":{"line":17,"column":4},"end":{"line":21,"column":6}},"4":{"start":{"line":24,"column":4},"end":{"line":29,"column":6}},"5":{"start":{"line":32,"column":4},"end":{"line":36,"column":6}},"6":{"start":{"line":40,"column":27},"end":{"line":45,"column":5}},"7":{"start":{"line":47,"column":20},"end":{"line":49,"column":26}},"8":{"start":{"line":48,"column":32},"end":{"line":48,"column":38}},"9":{"start":{"line":49,"column":22},"end":{"line":49,"column":25}},"10":{"start":{"line":51,"column":4},"end":{"line":53,"column":5}},"11":{"start":{"line":52,"column":6},"end":{"line":52,"column":79}},"12":{"start":{"line":55,"column":4},"end":{"line":55,"column":16}},"13":{"start":{"line":59,"column":4},"end":{"line":59,"column":82}},"14":{"start":{"line":63,"column":4},"end":{"line":69,"column":6}},"15":{"start":{"line":73,"column":19},"end":{"line":95,"column":5}},"16":{"start":{"line":97,"column":4},"end":{"line":99,"column":5}},"17":{"start":{"line":98,"column":6},"end":{"line":98,"column":60}},"18":{"start":{"line":101,"column":4},"end":{"line":101,"column":18}},"19":{"start":{"line":105,"column":4},"end":{"line":111,"column":6}},"20":{"start":{"line":116,"column":15},"end":{"line":116,"column":27}},"21":{"start":{"line":118,"column":0},"end":{"line":118,"column":24}}},"fnMap":{"0":{"name":"(anonymous_0)","decl":{"start":{"line":4,"column":2},"end":{"line":4,"column":3}},"loc":{"start":{"line":4,"column":16},"end":{"line":6,"column":3}},"line":4},"1":{"name":"(anonymous_1)","decl":{"start":{"line":8,"column":2},"end":{"line":8,"column":3}},"loc":{"start":{"line":8,"column":15},"end":{"line":37,"column":3}},"line":8},"2":{"name":"(anonymous_2)","decl":{"start":{"line":39,"column":2},"end":{"line":39,"column":3}},"loc":{"start":{"line":39,"column":13},"end":{"line":56,"column":3}},"line":39},"3":{"name":"(anonymous_3)","decl":{"start":{"line":48,"column":14},"end":{"line":48,"column":15}},"loc":{"start":{"line":48,"column":32},"end":{"line":48,"column":38}},"line":48},"4":{"name":"(anonymous_4)","decl":{"start":{"line":49,"column":11},"end":{"line":49,"column":12}},"loc":{"start":{"line":49,"column":22},"end":{"line":49,"column":25}},"line":49},"5":{"name":"(anonymous_5)","decl":{"start":{"line":58,"column":2},"end":{"line":58,"column":3}},"loc":{"start":{"line":58,"column":19},"end":{"line":60,"column":3}},"line":58},"6":{"name":"(anonymous_6)","decl":{"start":{"line":62,"column":2},"end":{"line":62,"column":3}},"loc":{"start":{"line":62,"column":16},"end":{"line":70,"column":3}},"line":62},"7":{"name":"(anonymous_7)","decl":{"start":{"line":72,"column":2},"end":{"line":72,"column":3}},"loc":{"start":{"line":72,"column":23},"end":{"line":102,"column":3}},"line":72},"8":{"name":"(anonymous_8)","decl":{"start":{"line":104,"column":2},"end":{"line":104,"column":3}},"loc":{"start":{"line":104,"column":15},"end":{"line":112,"column":3}},"line":104}},"branchMap":{"0":{"loc":{"start":{"line":11,"column":14},"end":{"line":11,"column":51}},"type":"binary-expr","locations":[{"start":{"line":11,"column":14},"end":{"line":11,"column":36}},{"start":{"line":11,"column":40},"end":{"line":11,"column":51}}],"line":11},"1":{"loc":{"start":{"line":19,"column":16},"end":{"line":19,"column":56}},"type":"binary-expr","locations":[{"start":{"line":19,"column":16},"end":{"line":19,"column":43}},{"start":{"line":19,"column":47},"end":{"line":19,"column":56}}],"line":19},"2":{"loc":{"start":{"line":25,"column":13},"end":{"line":25,"column":39}},"type":"binary-expr","locations":[{"start":{"line":25,"column":13},"end":{"line":25,"column":30}},{"start":{"line":25,"column":34},"end":{"line":25,"column":39}}],"line":25},"3":{"loc":{"start":{"line":26,"column":27},"end":{"line":26,"column":78}},"type":"binary-expr","locations":[{"start":{"line":26,"column":27},"end":{"line":26,"column":70}},{"start":{"line":26,"column":74},"end":{"line":26,"column":78}}],"line":26},"4":{"loc":{"start":{"line":27,"column":26},"end":{"line":27,"column":76}},"type":"binary-expr","locations":[{"start":{"line":27,"column":26},"end":{"line":27,"column":68}},{"start":{"line":27,"column":72},"end":{"line":27,"column":76}}],"line":27},"5":{"loc":{"start":{"line":33,"column":15},"end":{"line":33,"column":63}},"type":"binary-expr","locations":[{"start":{"line":33,"column":15},"end":{"line":33,"column":54}},{"start":{"line":33,"column":58},"end":{"line":33,"column":63}}],"line":33},"6":{"loc":{"start":{"line":51,"column":4},"end":{"line":53,"column":5}},"type":"if","locations":[{"start":{"line":51,"column":4},"end":{"line":53,"column":5}},{"start":{},"end":{}}],"line":51},"7":{"loc":{"start":{"line":59,"column":14},"end":{"line":59,"column":80}},"type":"binary-expr","locations":[{"start":{"line":59,"column":14},"end":{"line":59,"column":28}},{"start":{"line":59,"column":32},"end":{"line":59,"column":52}},{"start":{"line":59,"column":56},"end":{"line":59,"column":80}}],"line":59},"8":{"loc":{"start":{"line":97,"column":4},"end":{"line":99,"column":5}},"type":"if","locations":[{"start":{"line":97,"column":4},"end":{"line":99,"column":5}},{"start":{},"end":{}}],"line":97},"9":{"loc":{"start":{"line":97,"column":8},"end":{"line":97,"column":72}},"type":"binary-expr","locations":[{"start":{"line":97,"column":8},"end":{"line":97,"column":39}},{"start":{"line":97,"column":43},"end":{"line":97,"column":72}}],"line":97}},"s":{"0":3,"1":3,"2":3,"3":3,"4":3,"5":3,"6":4,"7":4,"8":16,"9":2,"10":4,"11":1,"12":3,"13":5,"14":3,"15":4,"16":4,"17":1,"18":4,"19":2,"20":3,"21":3},"f":{"0":3,"1":3,"2":4,"3":16,"4":2,"5":5,"6":3,"7":4,"8":2},"b":{"0":[3,0],"1":[3,0],"2":[3,0],"3":[3,0],"4":[3,0],"5":[3,3],"6":[1,3],"7":[5,4,4],"8":[1,3],"9":[4,1]},"inputSourceMap":null,"_coverageSchema":"1a1c01bbd47fc00a2c39e90264f33305004495a9","hash":"f0e767fed4cf3c0e628f38f4c2c503db9853c4c1"}
,"/Users/pavanrathod/pdf-generation-serverless/src/utils/constants.js": {"path":"/Users/pavanrathod/pdf-generation-serverless/src/utils/constants.js","statementMap":{"0":{"start":{"line":3,"column":2},"end":{"line":3,"column":59}},"1":{"start":{"line":3,"column":34},"end":{"line":3,"column":57}},"2":{"start":{"line":7,"column":2},"end":{"line":12,"column":3}},"3":{"start":{"line":8,"column":4},"end":{"line":8,"column":20}},"4":{"start":{"line":9,"column":4},"end":{"line":9,"column":16}},"5":{"start":{"line":11,"column":4},"end":{"line":11,"column":17}},"6":{"start":{"line":17,"column":2},"end":{"line":26,"column":18}},"7":{"start":{"line":31,"column":18},"end":{"line":31,"column":64}},"8":{"start":{"line":31,"column":49},"end":{"line":31,"column":63}},"9":{"start":{"line":32,"column":2},"end":{"line":34,"column":3}},"10":{"start":{"line":33,"column":4},"end":{"line":33,"column":74}},"11":{"start":{"line":35,"column":2},"end":{"line":35,"column":14}},"12":{"start":{"line":40,"column":20},"end":{"line":40,"column":66}},"13":{"start":{"line":41,"column":2},"end":{"line":41,"column":61}},"14":{"start":{"line":46,"column":2},"end":{"line":46,"column":22}},"15":{"start":{"line":46,"column":12},"end":{"line":46,"column":22}},"16":{"start":{"line":47,"column":2},"end":{"line":52,"column":29}},"17":{"start":{"line":55,"column":0},"end":{"line":62,"column":2}}},"fnMap":{"0":{"name":"sleep","decl":{"start":{"line":2,"column":9},"end":{"line":2,"column":14}},"loc":{"start":{"line":2,"column":19},"end":{"line":4,"column":1}},"line":2},"1":{"name":"(anonymous_1)","decl":{"start":{"line":3,"column":21},"end":{"line":3,"column":22}},"loc":{"start":{"line":3,"column":34},"end":{"line":3,"column":57}},"line":3},"2":{"name":"isJSON","decl":{"start":{"line":6,"column":9},"end":{"line":6,"column":15}},"loc":{"start":{"line":6,"column":21},"end":{"line":13,"column":1}},"line":6},"3":{"name":"formatDateTime","decl":{"start":{"line":16,"column":9},"end":{"line":16,"column":23}},"loc":{"start":{"line":16,"column":43},"end":{"line":27,"column":1}},"line":16},"4":{"name":"validateRequiredParams","decl":{"start":{"line":30,"column":9},"end":{"line":30,"column":31}},"loc":{"start":{"line":30,"column":56},"end":{"line":36,"column":1}},"line":30},"5":{"name":"(anonymous_5)","decl":{"start":{"line":31,"column":40},"end":{"line":31,"column":41}},"loc":{"start":{"line":31,"column":49},"end":{"line":31,"column":63}},"line":31},"6":{"name":"generateFileName","decl":{"start":{"line":39,"column":9},"end":{"line":39,"column":25}},"loc":{"start":{"line":39,"column":53},"end":{"line":42,"column":1}},"line":39},"7":{"name":"sanitizeHtml","decl":{"start":{"line":45,"column":9},"end":{"line":45,"column":21}},"loc":{"start":{"line":45,"column":27},"end":{"line":53,"column":1}},"line":45}},"branchMap":{"0":{"loc":{"start":{"line":16,"column":24},"end":{"line":16,"column":41}},"type":"default-arg","locations":[{"start":{"line":16,"column":31},"end":{"line":16,"column":41}}],"line":16},"1":{"loc":{"start":{"line":32,"column":2},"end":{"line":34,"column":3}},"type":"if","locations":[{"start":{"line":32,"column":2},"end":{"line":34,"column":3}},{"start":{},"end":{}}],"line":32},"2":{"loc":{"start":{"line":39,"column":34},"end":{"line":39,"column":51}},"type":"default-arg","locations":[{"start":{"line":39,"column":46},"end":{"line":39,"column":51}}],"line":39},"3":{"loc":{"start":{"line":46,"column":2},"end":{"line":46,"column":22}},"type":"if","locations":[{"start":{"line":46,"column":2},"end":{"line":46,"column":22}},{"start":{},"end":{}}],"line":46}},"s":{"0":3,"1":3,"2":16,"3":16,"4":8,"5":8,"6":27,"7":8,"8":16,"9":8,"10":4,"11":4,"12":5,"13":5,"14":11,"15":3,"16":8,"17":6},"f":{"0":3,"1":3,"2":16,"3":27,"4":8,"5":16,"6":5,"7":11},"b":{"0":[25],"1":[4,4],"2":[4],"3":[3,8]},"inputSourceMap":null,"_coverageSchema":"1a1c01bbd47fc00a2c39e90264f33305004495a9","hash":"4e78de91be2237c9234c32d2acb78fea2a8cb560"}
,"/Users/pavanrathod/pdf-generation-serverless/src/utils/logger.js": {"path":"/Users/pavanrathod/pdf-generation-serverless/src/utils/logger.js","statementMap":{"0":{"start":{"line":1,"column":27},"end":{"line":1,"column":49}},"1":{"start":{"line":5,"column":4},"end":{"line":5,"column":78}},"2":{"start":{"line":9,"column":4},"end":{"line":12,"column":5}},"3":{"start":{"line":10,"column":24},"end":{"line":10,"column":40}},"4":{"start":{"line":11,"column":6},"end":{"line":11,"column":64}},"5":{"start":{"line":16,"column":4},"end":{"line":16,"column":43}},"6":{"start":{"line":20,"column":4},"end":{"line":20,"column":44}},"7":{"start":{"line":24,"column":4},"end":{"line":24,"column":47}},"8":{"start":{"line":29,"column":4},"end":{"line":33,"column":6}},"9":{"start":{"line":38,"column":4},"end":{"line":42,"column":6}},"10":{"start":{"line":47,"column":20},"end":{"line":47,"column":84}},"11":{"start":{"line":48,"column":4},"end":{"line":54,"column":5}},"12":{"start":{"line":49,"column":6},"end":{"line":49,"column":34}},"13":{"start":{"line":50,"column":11},"end":{"line":54,"column":5}},"14":{"start":{"line":51,"column":6},"end":{"line":51,"column":35}},"15":{"start":{"line":53,"column":6},"end":{"line":53,"column":35}},"16":{"start":{"line":59,"column":20},"end":{"line":59,"column":58}},"17":{"start":{"line":60,"column":4},"end":{"line":66,"column":5}},"18":{"start":{"line":61,"column":6},"end":{"line":61,"column":34}},"19":{"start":{"line":62,"column":11},"end":{"line":66,"column":5}},"20":{"start":{"line":63,"column":6},"end":{"line":63,"column":35}},"21":{"start":{"line":65,"column":6},"end":{"line":65,"column":35}},"22":{"start":{"line":71,"column":15},"end":{"line":71,"column":27}},"23":{"start":{"line":73,"column":0},"end":{"line":73,"column":24}}},"fnMap":{"0":{"name":"(anonymous_0)","decl":{"start":{"line":4,"column":2},"end":{"line":4,"column":3}},"loc":{"start":{"line":4,"column":34},"end":{"line":6,"column":3}},"line":4},"1":{"name":"(anonymous_1)","decl":{"start":{"line":8,"column":2},"end":{"line":8,"column":3}},"loc":{"start":{"line":8,"column":44},"end":{"line":13,"column":3}},"line":8},"2":{"name":"(anonymous_2)","decl":{"start":{"line":15,"column":2},"end":{"line":15,"column":3}},"loc":{"start":{"line":15,"column":27},"end":{"line":17,"column":3}},"line":15},"3":{"name":"(anonymous_3)","decl":{"start":{"line":19,"column":2},"end":{"line":19,"column":3}},"loc":{"start":{"line":19,"column":27},"end":{"line":21,"column":3}},"line":19},"4":{"name":"(anonymous_4)","decl":{"start":{"line":23,"column":2},"end":{"line":23,"column":3}},"loc":{"start":{"line":23,"column":29},"end":{"line":25,"column":3}},"line":23},"5":{"name":"(anonymous_5)","decl":{"start":{"line":28,"column":2},"end":{"line":28,"column":3}},"loc":{"start":{"line":28,"column":61},"end":{"line":34,"column":3}},"line":28},"6":{"name":"(anonymous_6)","decl":{"start":{"line":37,"column":2},"end":{"line":37,"column":3}},"loc":{"start":{"line":37,"column":50},"end":{"line":43,"column":3}},"line":37},"7":{"name":"(anonymous_7)","decl":{"start":{"line":46,"column":2},"end":{"line":46,"column":3}},"loc":{"start":{"line":46,"column":63},"end":{"line":55,"column":3}},"line":46},"8":{"name":"(anonymous_8)","decl":{"start":{"line":58,"column":2},"end":{"line":58,"column":3}},"loc":{"start":{"line":58,"column":55},"end":{"line":67,"column":3}},"line":58}},"branchMap":{"0":{"loc":{"start":{"line":4,"column":14},"end":{"line":4,"column":32}},"type":"default-arg","locations":[{"start":{"line":4,"column":27},"end":{"line":4,"column":32}}],"line":4},"1":{"loc":{"start":{"line":5,"column":22},"end":{"line":5,"column":77}},"type":"binary-expr","locations":[{"start":{"line":5,"column":22},"end":{"line":5,"column":32}},{"start":{"line":5,"column":36},"end":{"line":5,"column":77}}],"line":5},"2":{"loc":{"start":{"line":8,"column":17},"end":{"line":8,"column":26}},"type":"default-arg","locations":[{"start":{"line":8,"column":24},"end":{"line":8,"column":26}}],"line":8},"3":{"loc":{"start":{"line":8,"column":28},"end":{"line":8,"column":42}},"type":"default-arg","locations":[{"start":{"line":8,"column":40},"end":{"line":8,"column":42}}],"line":8},"4":{"loc":{"start":{"line":9,"column":4},"end":{"line":12,"column":5}},"type":"if","locations":[{"start":{"line":9,"column":4},"end":{"line":12,"column":5}},{"start":{},"end":{}}],"line":9},"5":{"loc":{"start":{"line":15,"column":16},"end":{"line":15,"column":25}},"type":"default-arg","locations":[{"start":{"line":15,"column":23},"end":{"line":15,"column":25}}],"line":15},"6":{"loc":{"start":{"line":19,"column":16},"end":{"line":19,"column":25}},"type":"default-arg","locations":[{"start":{"line":19,"column":23},"end":{"line":19,"column":25}}],"line":19},"7":{"loc":{"start":{"line":23,"column":17},"end":{"line":23,"column":27}},"type":"default-arg","locations":[{"start":{"line":23,"column":25},"end":{"line":23,"column":27}}],"line":23},"8":{"loc":{"start":{"line":28,"column":45},"end":{"line":28,"column":59}},"type":"default-arg","locations":[{"start":{"line":28,"column":57},"end":{"line":28,"column":59}}],"line":28},"9":{"loc":{"start":{"line":37,"column":34},"end":{"line":37,"column":48}},"type":"default-arg","locations":[{"start":{"line":37,"column":46},"end":{"line":37,"column":48}}],"line":37},"10":{"loc":{"start":{"line":46,"column":49},"end":{"line":46,"column":61}},"type":"default-arg","locations":[{"start":{"line":46,"column":59},"end":{"line":46,"column":61}}],"line":46},"11":{"loc":{"start":{"line":48,"column":4},"end":{"line":54,"column":5}},"type":"if","locations":[{"start":{"line":48,"column":4},"end":{"line":54,"column":5}},{"start":{"line":50,"column":11},"end":{"line":54,"column":5}}],"line":48},"12":{"loc":{"start":{"line":50,"column":11},"end":{"line":54,"column":5}},"type":"if","locations":[{"start":{"line":50,"column":11},"end":{"line":54,"column":5}},{"start":{"line":52,"column":11},"end":{"line":54,"column":5}}],"line":50},"13":{"loc":{"start":{"line":58,"column":41},"end":{"line":58,"column":53}},"type":"default-arg","locations":[{"start":{"line":58,"column":51},"end":{"line":58,"column":53}}],"line":58},"14":{"loc":{"start":{"line":60,"column":4},"end":{"line":66,"column":5}},"type":"if","locations":[{"start":{"line":60,"column":4},"end":{"line":66,"column":5}},{"start":{"line":62,"column":11},"end":{"line":66,"column":5}}],"line":60},"15":{"loc":{"start":{"line":62,"column":11},"end":{"line":66,"column":5}},"type":"if","locations":[{"start":{"line":62,"column":11},"end":{"line":66,"column":5}},{"start":{"line":64,"column":11},"end":{"line":66,"column":5}}],"line":62}},"s":{"0":3,"1":3,"2":16,"3":13,"4":13,"5":18,"6":4,"7":26,"8":4,"9":6,"10":5,"11":5,"12":3,"13":2,"14":1,"15":1,"16":32,"17":32,"18":10,"19":22,"20":21,"21":1,"22":3,"23":3},"f":{"0":3,"1":16,"2":18,"3":4,"4":26,"5":4,"6":6,"7":5,"8":32},"b":{"0":[3],"1":[3,3],"2":[3],"3":[5],"4":[13,3],"5":[4],"6":[3],"7":[2],"8":[3],"9":[5],"10":[2],"11":[3,2],"12":[1,1],"13":[9],"14":[10,22],"15":[21,1]},"inputSourceMap":null,"_coverageSchema":"1a1c01bbd47fc00a2c39e90264f33305004495a9","hash":"672b494e9b31c44451673f11dd580a057961bf22"}
,"/Users/pavanrathod/pdf-generation-serverless/src/utils/templateLoader.js": {"path":"/Users/pavanrathod/pdf-generation-serverless/src/utils/templateLoader.js","statementMap":{"0":{"start":{"line":1,"column":11},"end":{"line":1,"column":24}},"1":{"start":{"line":2,"column":13},"end":{"line":2,"column":28}},"2":{"start":{"line":6,"column":4},"end":{"line":6,"column":24}},"3":{"start":{"line":7,"column":4},"end":{"line":7,"column":60}},"4":{"start":{"line":8,"column":4},"end":{"line":8,"column":25}},"5":{"start":{"line":12,"column":26},"end":{"line":12,"column":42}},"6":{"start":{"line":14,"column":4},"end":{"line":28,"column":7}},"7":{"start":{"line":15,"column":27},"end":{"line":15,"column":52}},"8":{"start":{"line":16,"column":27},"end":{"line":16,"column":60}},"9":{"start":{"line":18,"column":6},"end":{"line":27,"column":7}},"10":{"start":{"line":19,"column":8},"end":{"line":24,"column":9}},"11":{"start":{"line":20,"column":10},"end":{"line":20,"column":79}},"12":{"start":{"line":21,"column":10},"end":{"line":21,"column":58}},"13":{"start":{"line":23,"column":10},"end":{"line":23,"column":67}},"14":{"start":{"line":26,"column":8},"end":{"line":26,"column":81}},"15":{"start":{"line":32,"column":4},"end":{"line":34,"column":5}},"16":{"start":{"line":33,"column":6},"end":{"line":33,"column":124}},"17":{"start":{"line":35,"column":4},"end":{"line":35,"column":40}},"18":{"start":{"line":39,"column":4},"end":{"line":39,"column":26}},"19":{"start":{"line":43,"column":4},"end":{"line":43,"column":39}},"20":{"start":{"line":47,"column":21},"end":{"line":47,"column":51}},"21":{"start":{"line":50,"column":29},"end":{"line":50,"column":67}},"22":{"start":{"line":51,"column":28},"end":{"line":53,"column":5}},"23":{"start":{"line":52,"column":6},"end":{"line":52,"column":43}},"24":{"start":{"line":55,"column":4},"end":{"line":57,"column":5}},"25":{"start":{"line":56,"column":6},"end":{"line":56,"column":82}},"26":{"start":{"line":59,"column":4},"end":{"line":59,"column":40}},"27":{"start":{"line":63,"column":27},"end":{"line":63,"column":74}},"28":{"start":{"line":65,"column":4},"end":{"line":70,"column":5}},"29":{"start":{"line":67,"column":8},"end":{"line":67,"column":95}},"30":{"start":{"line":69,"column":8},"end":{"line":69,"column":30}},"31":{"start":{"line":74,"column":20},"end":{"line":74,"column":22}},"32":{"start":{"line":75,"column":22},"end":{"line":75,"column":45}},"33":{"start":{"line":77,"column":4},"end":{"line":79,"column":7}},"34":{"start":{"line":78,"column":6},"end":{"line":78,"column":58}},"35":{"start":{"line":81,"column":4},"end":{"line":81,"column":19}},"36":{"start":{"line":85,"column":0},"end":{"line":85,"column":38}}},"fnMap":{"0":{"name":"(anonymous_0)","decl":{"start":{"line":5,"column":2},"end":{"line":5,"column":3}},"loc":{"start":{"line":5,"column":16},"end":{"line":9,"column":3}},"line":5},"1":{"name":"(anonymous_1)","decl":{"start":{"line":11,"column":2},"end":{"line":11,"column":3}},"loc":{"start":{"line":11,"column":18},"end":{"line":29,"column":3}},"line":11},"2":{"name":"(anonymous_2)","decl":{"start":{"line":14,"column":26},"end":{"line":14,"column":27}},"loc":{"start":{"line":14,"column":34},"end":{"line":28,"column":5}},"line":14},"3":{"name":"(anonymous_3)","decl":{"start":{"line":31,"column":2},"end":{"line":31,"column":3}},"loc":{"start":{"line":31,"column":28},"end":{"line":36,"column":3}},"line":31},"4":{"name":"(anonymous_4)","decl":{"start":{"line":38,"column":2},"end":{"line":38,"column":3}},"loc":{"start":{"line":38,"column":20},"end":{"line":40,"column":3}},"line":38},"5":{"name":"(anonymous_5)","decl":{"start":{"line":42,"column":2},"end":{"line":42,"column":3}},"loc":{"start":{"line":42,"column":21},"end":{"line":44,"column":3}},"line":42},"6":{"name":"(anonymous_6)","decl":{"start":{"line":46,"column":2},"end":{"line":46,"column":3}},"loc":{"start":{"line":46,"column":33},"end":{"line":60,"column":3}},"line":46},"7":{"name":"(anonymous_7)","decl":{"start":{"line":51,"column":52},"end":{"line":51,"column":53}},"loc":{"start":{"line":52,"column":6},"end":{"line":52,"column":43}},"line":52},"8":{"name":"(anonymous_8)","decl":{"start":{"line":62,"column":2},"end":{"line":62,"column":3}},"loc":{"start":{"line":62,"column":36},"end":{"line":71,"column":3}},"line":62},"9":{"name":"(anonymous_9)","decl":{"start":{"line":73,"column":2},"end":{"line":73,"column":3}},"loc":{"start":{"line":73,"column":25},"end":{"line":82,"column":3}},"line":73},"10":{"name":"(anonymous_10)","decl":{"start":{"line":77,"column":22},"end":{"line":77,"column":23}},"loc":{"start":{"line":77,"column":34},"end":{"line":79,"column":5}},"line":77}},"branchMap":{"0":{"loc":{"start":{"line":19,"column":8},"end":{"line":24,"column":9}},"type":"if","locations":[{"start":{"line":19,"column":8},"end":{"line":24,"column":9}},{"start":{"line":22,"column":15},"end":{"line":24,"column":9}}],"line":19},"1":{"loc":{"start":{"line":32,"column":4},"end":{"line":34,"column":5}},"type":"if","locations":[{"start":{"line":32,"column":4},"end":{"line":34,"column":5}},{"start":{},"end":{}}],"line":32},"2":{"loc":{"start":{"line":55,"column":4},"end":{"line":57,"column":5}},"type":"if","locations":[{"start":{"line":55,"column":4},"end":{"line":57,"column":5}},{"start":{},"end":{}}],"line":55},"3":{"loc":{"start":{"line":65,"column":4},"end":{"line":70,"column":5}},"type":"switch","locations":[{"start":{"line":66,"column":6},"end":{"line":67,"column":95}},{"start":{"line":68,"column":6},"end":{"line":69,"column":30}}],"line":65}},"s":{"0":1,"1":1,"2":1,"3":1,"4":1,"5":26,"6":26,"7":26,"8":26,"9":26,"10":26,"11":21,"12":20,"13":4,"14":2,"15":11,"16":3,"17":8,"18":2,"19":5,"20":7,"21":6,"22":6,"23":38,"24":6,"25":3,"26":6,"27":8,"28":8,"29":6,"30":2,"31":3,"32":3,"33":3,"34":3,"35":3,"36":1},"f":{"0":1,"1":26,"2":26,"3":11,"4":2,"5":5,"6":7,"7":38,"8":8,"9":3,"10":3},"b":{"0":[21,4],"1":[3,8],"2":[3,3],"3":[6,2]},"inputSourceMap":null,"_coverageSchema":"1a1c01bbd47fc00a2c39e90264f33305004495a9","hash":"36193c0f8c2ac41b702698667948d2f82ce79a65"}
}
