TN:
SF:src/handlers/generatePDF.js
FN:24,(anonymous_0)
FNF:1
FNH:1
FNDA:44,(anonymous_0)
DA:1,1
DA:2,1
DA:3,1
DA:4,1
DA:5,1
DA:10,1
DA:11,1
DA:12,1
DA:15,1
DA:16,1
DA:17,0
DA:18,0
DA:20,0
DA:24,1
DA:25,44
DA:26,42
DA:28,42
DA:29,42
DA:30,41
DA:33,40
DA:35,39
DA:37,39
DA:45,39
DA:49,39
DA:50,39
DA:52,15
DA:69,15
DA:79,15
DA:80,15
DA:81,94
DA:82,94
DA:83,94
DA:84,2
DA:85,2
DA:86,2
DA:87,2
DA:94,15
DA:95,13
DA:97,13
DA:98,13
DA:99,13
DA:100,0
DA:102,13
DA:108,24
DA:117,39
DA:118,39
DA:121,39
DA:122,39
DA:124,7
DA:127,7
DA:128,6
DA:129,6
DA:130,6
DA:131,0
DA:146,0
DA:148,6
DA:149,6
DA:152,1
DA:156,32
DA:157,32
DA:160,32
DA:161,32
DA:162,32
DA:164,4
DA:165,4
DA:166,3
DA:167,3
DA:168,0
DA:169,0
DA:171,1
DA:175,28
DA:177,27
DA:178,1
DA:181,26
DA:183,26
DA:185,26
DA:186,24
DA:187,24
DA:188,23
DA:189,23
DA:191,1
DA:194,2
DA:197,26
DA:204,26
DA:206,26
DA:218,16
DA:220,16
DA:226,16
DA:228,16
LF:89
LH:81
BRDA:16,0,0,0
BRDA:16,0,1,1
BRDA:16,1,0,1
BRDA:16,1,1,1
BRDA:25,2,0,44
BRDA:25,2,1,1
BRDA:29,3,0,3
BRDA:29,3,1,39
BRDA:30,4,0,2
BRDA:30,4,1,38
BRDA:40,5,0,38
BRDA:40,5,1,1
BRDA:50,6,0,15
BRDA:50,6,1,24
BRDA:50,7,0,39
BRDA:50,7,1,24
BRDA:83,8,0,2
BRDA:83,8,1,85
BRDA:94,9,0,13
BRDA:94,9,1,2
BRDA:97,10,0,13
BRDA:97,10,1,0
BRDA:117,11,0,39
BRDA:117,11,1,0
BRDA:127,12,0,6
BRDA:127,12,1,1
BRDA:127,13,0,7
BRDA:127,13,1,7
BRDA:165,14,0,3
BRDA:165,14,1,1
BRDA:177,15,0,1
BRDA:177,15,1,26
BRDA:177,16,0,27
BRDA:177,16,1,26
BRDA:185,17,0,24
BRDA:185,17,1,2
BRF:36
BRH:33
end_of_record
TN:
SF:src/handlers/getPDF.js
FN:5,(anonymous_0)
FNF:1
FNH:1
FNDA:36,(anonymous_0)
DA:1,1
DA:2,1
DA:3,1
DA:5,1
DA:6,36
DA:7,34
DA:9,34
DA:10,34
DA:12,34
DA:13,6
DA:14,6
DA:16,6
DA:26,28
DA:28,28
DA:29,21
DA:30,21
DA:31,19
DA:33,2
DA:36,3
DA:39,24
DA:40,17
DA:45,17
DA:47,17
DA:58,7
DA:59,7
DA:61,7
DA:72,4
DA:74,4
DA:75,4
DA:77,4
LF:30
LH:30
BRDA:6,0,0,36
BRDA:6,0,1,5
BRDA:10,1,0,34
BRDA:10,1,1,2
BRDA:12,2,0,6
BRDA:12,2,1,28
BRDA:28,3,0,21
BRDA:28,3,1,3
BRDA:39,4,0,17
BRDA:39,4,1,7
BRF:10
BRH:10
end_of_record
TN:
SF:src/helpers/reportGenerationHelpers.js
FN:2,generatePartReturnedAndConsumedTable
FN:11,(anonymous_1)
FN:23,(anonymous_2)
FN:121,generateSafetyTable
FN:131,(anonymous_4)
FN:176,generateThermalOrPowerReport
FN:195,(anonymous_6)
FN:196,setData
FN:200,setImage
FN:203,setHTML
FN:235,(anonymous_10)
FN:325,(anonymous_11)
FNF:12
FNH:11
FNDA:17,generatePartReturnedAndConsumedTable
FNDA:8,(anonymous_1)
FNDA:16,(anonymous_2)
FNDA:12,generateSafetyTable
FNDA:7,(anonymous_4)
FNDA:68,generateThermalOrPowerReport
FNDA:27,(anonymous_6)
FNDA:800,setData
FNDA:0,setImage
FNDA:200,setHTML
FNDA:75,(anonymous_10)
FNDA:13,(anonymous_11)
DA:3,17
DA:4,17
DA:5,17
DA:6,17
DA:7,17
DA:8,17
DA:9,17
DA:11,10
DA:12,8
DA:13,3
DA:14,3
DA:16,5
DA:17,3
DA:18,3
DA:20,2
DA:23,10
DA:24,16
DA:25,9
DA:46,15
DA:47,6
DA:70,13
DA:71,9
DA:72,21
DA:93,9
DA:94,24
DA:116,13
DA:122,12
DA:124,12
DA:125,12
DA:126,12
DA:127,12
DA:130,12
DA:131,8
DA:132,7
DA:133,24
DA:134,24
DA:135,24
DA:137,24
DA:138,9
DA:141,24
DA:145,7
DA:146,9
DA:147,9
DA:148,9
DA:149,9
DA:153,11
DA:154,11
DA:155,11
DA:156,11
DA:158,11
DA:178,68
DA:188,68
DA:195,68
DA:197,800
DA:198,800
DA:201,0
DA:204,200
DA:205,200
DA:208,27
DA:218,27
DA:228,27
DA:229,25
DA:230,25
DA:231,25
DA:234,25
DA:235,75
DA:237,25
DA:238,25
DA:239,25
DA:242,25
DA:243,25
DA:244,25
DA:245,25
DA:248,25
DA:249,25
DA:252,25
DA:253,25
DA:254,25
DA:255,25
DA:256,25
DA:259,25
DA:260,25
DA:261,25
DA:262,25
DA:265,25
DA:266,25
DA:267,25
DA:268,25
DA:269,25
DA:270,25
DA:271,25
DA:272,25
DA:273,25
DA:276,25
DA:278,25
DA:290,25
DA:316,25
DA:317,25
DA:320,25
DA:321,25
DA:322,25
DA:324,25
DA:325,5
DA:326,13
DA:327,6
DA:328,5
DA:329,5
DA:331,7
DA:332,3
DA:333,3
DA:334,3
DA:336,4
DA:337,4
DA:338,3
DA:339,3
DA:346,25
DA:347,25
DA:348,25
DA:351,25
DA:352,25
DA:353,25
DA:357,67
DA:368,1
LF:123
LH:122
BRDA:2,0,0,0
BRDA:9,1,0,10
BRDA:9,1,1,5
BRDA:9,2,0,17
BRDA:9,2,1,14
BRDA:11,3,0,1
BRDA:11,3,1,9
BRDA:12,4,0,3
BRDA:12,4,1,5
BRDA:12,5,0,8
BRDA:12,5,1,4
BRDA:16,6,0,3
BRDA:16,6,1,2
BRDA:16,7,0,5
BRDA:16,7,1,4
BRDA:24,8,0,9
BRDA:24,8,1,6
BRDA:38,9,0,8
BRDA:38,9,1,1
BRDA:39,10,0,8
BRDA:39,10,1,1
BRDA:40,11,0,8
BRDA:40,11,1,1
BRDA:41,12,0,8
BRDA:41,12,1,1
BRDA:46,13,0,6
BRDA:46,13,1,9
BRDA:60,14,0,6
BRDA:60,14,1,0
BRDA:61,15,0,6
BRDA:61,15,1,0
BRDA:62,16,0,6
BRDA:62,16,1,0
BRDA:63,17,0,6
BRDA:63,17,1,0
BRDA:70,18,0,9
BRDA:70,18,1,4
BRDA:70,19,0,13
BRDA:70,19,1,4
BRDA:130,20,0,8
BRDA:130,20,1,4
BRDA:130,21,0,12
BRDA:130,21,1,9
BRDA:137,22,0,9
BRDA:137,22,1,15
BRDA:147,23,0,9
BRDA:147,23,1,2
BRDA:148,24,0,9
BRDA:148,24,1,2
BRDA:149,25,0,9
BRDA:149,25,1,3
BRDA:198,26,0,768
BRDA:198,26,1,32
BRDA:198,27,0,768
BRDA:198,27,1,736
BRDA:205,28,0,192
BRDA:205,28,1,8
BRDA:205,29,0,192
BRDA:205,29,1,122
BRDA:208,30,0,1
BRDA:208,30,1,26
BRDA:208,31,0,27
BRDA:208,31,1,2
BRDA:210,32,0,1
BRDA:210,32,1,25
BRDA:210,33,0,26
BRDA:210,33,1,3
BRDA:210,33,2,3
BRDA:210,33,3,2
BRDA:218,34,0,1
BRDA:218,34,1,26
BRDA:218,35,0,27
BRDA:218,35,1,2
BRDA:220,36,0,1
BRDA:220,36,1,25
BRDA:220,37,0,26
BRDA:220,37,1,3
BRDA:220,37,2,3
BRDA:220,37,3,2
BRDA:235,38,0,75
BRDA:235,38,1,4
BRDA:276,39,0,25
BRDA:276,39,1,25
BRDA:286,40,0,2
BRDA:286,40,1,23
BRDA:298,41,0,2
BRDA:298,41,1,23
BRDA:299,42,0,1
BRDA:299,42,1,24
BRDA:302,43,0,2
BRDA:302,43,1,23
BRDA:302,44,0,2
BRDA:302,44,1,23
BRDA:303,45,0,2
BRDA:303,45,1,23
BRDA:306,46,0,2
BRDA:306,46,1,23
BRDA:324,47,0,5
BRDA:324,47,1,20
BRDA:324,48,0,25
BRDA:324,48,1,6
BRDA:326,49,0,6
BRDA:326,49,1,7
BRDA:327,50,0,5
BRDA:327,50,1,1
BRDA:328,51,0,1
BRDA:328,51,1,4
BRDA:331,52,0,3
BRDA:331,52,1,4
BRDA:332,53,0,3
BRDA:332,53,1,0
BRDA:333,54,0,0
BRDA:333,54,1,3
BRDA:336,55,0,4
BRDA:336,55,1,0
BRDA:337,56,0,3
BRDA:337,56,1,1
BRDA:338,57,0,0
BRDA:338,57,1,3
BRF:119
BRH:110
end_of_record
TN:
SF:src/helpers/s3Operations.js
FN:7,s3FSRFileOperations
FNF:1
FNH:1
FNDA:23,s3FSRFileOperations
DA:1,1
DA:2,1
DA:3,1
DA:5,1
DA:8,23
DA:9,23
DA:10,23
DA:12,23
DA:17,23
DA:19,15
DA:20,15
DA:21,15
DA:27,15
DA:28,0
DA:29,0
DA:32,3
DA:33,0
DA:34,0
DA:37,4
DA:41,3
DA:42,3
DA:45,1
DA:49,20
DA:50,20
DA:54,1
LF:25
LH:21
BRDA:7,0,0,0
BRDA:7,1,0,0
BRDA:7,2,0,0
BRDA:7,3,0,22
BRDA:10,4,0,3
BRDA:10,4,1,20
BRDA:17,5,0,15
BRDA:17,5,1,3
BRDA:17,5,2,4
BRDA:17,5,3,1
BRF:10
BRH:7
end_of_record
TN:
SF:src/utils/config.js
FN:4,(anonymous_0)
FN:8,(anonymous_1)
FN:39,(anonymous_2)
FN:48,(anonymous_3)
FN:49,(anonymous_4)
FN:58,(anonymous_5)
FN:62,(anonymous_6)
FN:72,(anonymous_7)
FN:104,(anonymous_8)
FNF:9
FNH:9
FNDA:3,(anonymous_0)
FNDA:3,(anonymous_1)
FNDA:4,(anonymous_2)
FNDA:16,(anonymous_3)
FNDA:2,(anonymous_4)
FNDA:5,(anonymous_5)
FNDA:3,(anonymous_6)
FNDA:4,(anonymous_7)
FNDA:2,(anonymous_8)
DA:1,3
DA:5,3
DA:10,3
DA:17,3
DA:24,3
DA:32,3
DA:40,4
DA:47,4
DA:48,16
DA:49,2
DA:51,4
DA:52,1
DA:55,3
DA:59,5
DA:63,3
DA:73,4
DA:97,4
DA:98,1
DA:101,4
DA:105,2
DA:116,3
DA:118,3
LF:22
LH:22
BRDA:11,0,0,3
BRDA:11,0,1,0
BRDA:19,1,0,3
BRDA:19,1,1,0
BRDA:25,2,0,3
BRDA:25,2,1,0
BRDA:26,3,0,3
BRDA:26,3,1,0
BRDA:27,4,0,3
BRDA:27,4,1,0
BRDA:33,5,0,3
BRDA:33,5,1,3
BRDA:51,6,0,1
BRDA:51,6,1,3
BRDA:59,7,0,5
BRDA:59,7,1,4
BRDA:59,7,2,4
BRDA:97,8,0,1
BRDA:97,8,1,3
BRDA:97,9,0,4
BRDA:97,9,1,1
BRF:21
BRH:16
end_of_record
TN:
SF:src/utils/constants.js
FN:2,sleep
FN:3,(anonymous_1)
FN:6,isJSON
FN:16,formatDateTime
FN:30,validateRequiredParams
FN:31,(anonymous_5)
FN:39,generateFileName
FN:45,sanitizeHtml
FNF:8
FNH:8
FNDA:3,sleep
FNDA:3,(anonymous_1)
FNDA:16,isJSON
FNDA:27,formatDateTime
FNDA:8,validateRequiredParams
FNDA:16,(anonymous_5)
FNDA:5,generateFileName
FNDA:11,sanitizeHtml
DA:3,3
DA:7,16
DA:8,16
DA:9,8
DA:11,8
DA:17,27
DA:31,16
DA:32,8
DA:33,4
DA:35,4
DA:40,5
DA:41,5
DA:46,11
DA:47,8
DA:55,6
LF:15
LH:15
BRDA:16,0,0,25
BRDA:32,1,0,4
BRDA:32,1,1,4
BRDA:39,2,0,4
BRDA:46,3,0,3
BRDA:46,3,1,8
BRF:6
BRH:6
end_of_record
TN:
SF:src/utils/logger.js
FN:4,(anonymous_0)
FN:8,(anonymous_1)
FN:15,(anonymous_2)
FN:19,(anonymous_3)
FN:23,(anonymous_4)
FN:28,(anonymous_5)
FN:37,(anonymous_6)
FN:46,(anonymous_7)
FN:58,(anonymous_8)
FNF:9
FNH:9
FNDA:3,(anonymous_0)
FNDA:16,(anonymous_1)
FNDA:18,(anonymous_2)
FNDA:4,(anonymous_3)
FNDA:26,(anonymous_4)
FNDA:4,(anonymous_5)
FNDA:6,(anonymous_6)
FNDA:5,(anonymous_7)
FNDA:32,(anonymous_8)
DA:1,3
DA:5,3
DA:9,16
DA:10,13
DA:11,13
DA:16,18
DA:20,4
DA:24,26
DA:29,4
DA:38,6
DA:47,5
DA:48,5
DA:49,3
DA:50,2
DA:51,1
DA:53,1
DA:59,32
DA:60,32
DA:61,10
DA:62,22
DA:63,21
DA:65,1
DA:71,3
DA:73,3
LF:24
LH:24
BRDA:4,0,0,3
BRDA:5,1,0,3
BRDA:5,1,1,3
BRDA:8,2,0,3
BRDA:8,3,0,5
BRDA:9,4,0,13
BRDA:9,4,1,3
BRDA:15,5,0,4
BRDA:19,6,0,3
BRDA:23,7,0,2
BRDA:28,8,0,3
BRDA:37,9,0,5
BRDA:46,10,0,2
BRDA:48,11,0,3
BRDA:48,11,1,2
BRDA:50,12,0,1
BRDA:50,12,1,1
BRDA:58,13,0,9
BRDA:60,14,0,10
BRDA:60,14,1,22
BRDA:62,15,0,21
BRDA:62,15,1,1
BRF:22
BRH:22
end_of_record
TN:
SF:src/utils/templateLoader.js
FN:5,(anonymous_0)
FN:11,(anonymous_1)
FN:14,(anonymous_2)
FN:31,(anonymous_3)
FN:38,(anonymous_4)
FN:42,(anonymous_5)
FN:46,(anonymous_6)
FN:51,(anonymous_7)
FN:62,(anonymous_8)
FN:73,(anonymous_9)
FN:77,(anonymous_10)
FNF:11
FNH:11
FNDA:1,(anonymous_0)
FNDA:26,(anonymous_1)
FNDA:26,(anonymous_2)
FNDA:11,(anonymous_3)
FNDA:2,(anonymous_4)
FNDA:5,(anonymous_5)
FNDA:7,(anonymous_6)
FNDA:38,(anonymous_7)
FNDA:8,(anonymous_8)
FNDA:3,(anonymous_9)
FNDA:3,(anonymous_10)
DA:1,1
DA:2,1
DA:6,1
DA:7,1
DA:8,1
DA:12,26
DA:14,26
DA:15,26
DA:16,26
DA:18,26
DA:19,26
DA:20,21
DA:21,20
DA:23,4
DA:26,2
DA:32,11
DA:33,3
DA:35,8
DA:39,2
DA:43,5
DA:47,7
DA:50,6
DA:51,6
DA:52,38
DA:55,6
DA:56,3
DA:59,6
DA:63,8
DA:65,8
DA:67,6
DA:69,2
DA:74,3
DA:75,3
DA:77,3
DA:78,3
DA:81,3
DA:85,1
LF:37
LH:37
BRDA:19,0,0,21
BRDA:19,0,1,4
BRDA:32,1,0,3
BRDA:32,1,1,8
BRDA:55,2,0,3
BRDA:55,2,1,3
BRDA:65,3,0,6
BRDA:65,3,1,2
BRF:8
BRH:8
end_of_record
